{"/home/cosmicsheep42/Desktop/drawdb/src/assets/mariadb-icon.png": {"path":"/home/cosmicsheep42/Desktop/drawdb/src/assets/mariadb-icon.png","statementMap":{},"fnMap":{},"branchMap":{},"s":{},"f":{},"b":{},"meta":{"lastBranch":0,"lastFunction":0,"lastStatement":0,"seen":{},"fnNames":{}}}
,"/home/cosmicsheep42/Desktop/drawdb/src/assets/mssql-icon.png": {"path":"/home/cosmicsheep42/Desktop/drawdb/src/assets/mssql-icon.png","statementMap":{},"fnMap":{},"branchMap":{},"s":{},"f":{},"b":{},"meta":{"lastBranch":0,"lastFunction":0,"lastStatement":0,"seen":{},"fnNames":{}}}
,"/home/cosmicsheep42/Desktop/drawdb/src/assets/mysql-icon.png": {"path":"/home/cosmicsheep42/Desktop/drawdb/src/assets/mysql-icon.png","statementMap":{},"fnMap":{},"branchMap":{},"s":{},"f":{},"b":{},"meta":{"lastBranch":0,"lastFunction":0,"lastStatement":0,"seen":{},"fnNames":{}}}
,"/home/cosmicsheep42/Desktop/drawdb/src/assets/oraclesql-icon.png": {"path":"/home/cosmicsheep42/Desktop/drawdb/src/assets/oraclesql-icon.png","statementMap":{},"fnMap":{},"branchMap":{},"s":{},"f":{},"b":{},"meta":{"lastBranch":0,"lastFunction":0,"lastStatement":0,"seen":{},"fnNames":{}}}
,"/home/cosmicsheep42/Desktop/drawdb/src/assets/postgres-icon.png": {"path":"/home/cosmicsheep42/Desktop/drawdb/src/assets/postgres-icon.png","statementMap":{},"fnMap":{},"branchMap":{},"s":{},"f":{},"b":{},"meta":{"lastBranch":0,"lastFunction":0,"lastStatement":0,"seen":{},"fnNames":{}}}
,"/home/cosmicsheep42/Desktop/drawdb/src/assets/sqlite-icon.png": {"path":"/home/cosmicsheep42/Desktop/drawdb/src/assets/sqlite-icon.png","statementMap":{},"fnMap":{},"branchMap":{},"s":{},"f":{},"b":{},"meta":{"lastBranch":0,"lastFunction":0,"lastStatement":0,"seen":{},"fnNames":{}}}
,"/home/cosmicsheep42/Desktop/drawdb/src/data/constants.js": {"path":"/home/cosmicsheep42/Desktop/drawdb/src/data/constants.js","statementMap":{"0":{"start":{"line":1,"column":27},"end":{"line":1,"column":36}},"1":{"start":{"line":2,"column":32},"end":{"line":2,"column":41}},"2":{"start":{"line":3,"column":25},"end":{"line":3,"column":28}},"3":{"start":{"line":4,"column":26},"end":{"line":4,"column":27}},"4":{"start":{"line":5,"column":24},"end":{"line":5,"column":26}},"5":{"start":{"line":6,"column":27},"end":{"line":6,"column":36}},"6":{"start":{"line":7,"column":27},"end":{"line":7,"column":44}},"7":{"start":{"line":8,"column":24},"end":{"line":8,"column":41}},"8":{"start":{"line":9,"column":28},"end":{"line":9,"column":43}},"9":{"start":{"line":10,"column":28},"end":{"line":10,"column":45}},"10":{"start":{"line":11,"column":27},"end":{"line":11,"column":45}},"11":{"start":{"line":12,"column":28},"end":{"line":12,"column":42}},"12":{"start":{"line":13,"column":29},"end":{"line":13,"column":46}},"13":{"start":{"line":14,"column":30},"end":{"line":14,"column":45}},"14":{"start":{"line":15,"column":30},"end":{"line":15,"column":48}},"15":{"start":{"line":16,"column":27},"end":{"line":16,"column":43}},"16":{"start":{"line":17,"column":26},"end":{"line":17,"column":41}},"17":{"start":{"line":18,"column":25},"end":{"line":18,"column":40}},"18":{"start":{"line":19,"column":33},"end":{"line":19,"column":35}},"19":{"start":{"line":20,"column":26},"end":{"line":20,"column":29}},"20":{"start":{"line":21,"column":24},"end":{"line":21,"column":26}},"21":{"start":{"line":22,"column":32},"end":{"line":22,"column":36}},"22":{"start":{"line":23,"column":32},"end":{"line":23,"column":34}},"23":{"start":{"line":24,"column":37},"end":{"line":24,"column":38}},"24":{"start":{"line":25,"column":35},"end":{"line":25,"column":36}},"25":{"start":{"line":26,"column":27},"end":{"line":26,"column":30}},"26":{"start":{"line":28,"column":27},"end":{"line":32,"column":1}},"27":{"start":{"line":34,"column":26},"end":{"line":40,"column":1}},"28":{"start":{"line":42,"column":19},"end":{"line":49,"column":1}},"29":{"start":{"line":51,"column":26},"end":{"line":59,"column":1}},"30":{"start":{"line":61,"column":22},"end":{"line":66,"column":1}},"31":{"start":{"line":68,"column":21},"end":{"line":75,"column":1}},"32":{"start":{"line":77,"column":21},"end":{"line":91,"column":1}},"33":{"start":{"line":93,"column":22},"end":{"line":98,"column":1}},"34":{"start":{"line":100,"column":25},"end":{"line":104,"column":1}},"35":{"start":{"line":106,"column":18},"end":{"line":114,"column":1}},"36":{"start":{"line":116,"column":27},"end":{"line":119,"column":1}}},"fnMap":{},"branchMap":{},"s":{"0":9,"1":9,"2":9,"3":9,"4":9,"5":9,"6":9,"7":9,"8":9,"9":9,"10":9,"11":9,"12":9,"13":9,"14":9,"15":9,"16":9,"17":9,"18":9,"19":9,"20":9,"21":9,"22":9,"23":9,"24":9,"25":9,"26":9,"27":9,"28":9,"29":9,"30":9,"31":9,"32":9,"33":9,"34":9,"35":9,"36":9},"f":{},"b":{},"meta":{"lastBranch":0,"lastFunction":0,"lastStatement":37,"seen":{"s:1:27:1:36":0,"s:2:32:2:41":1,"s:3:25:3:28":2,"s:4:26:4:27":3,"s:5:24:5:26":4,"s:6:27:6:36":5,"s:7:27:7:44":6,"s:8:24:8:41":7,"s:9:28:9:43":8,"s:10:28:10:45":9,"s:11:27:11:45":10,"s:12:28:12:42":11,"s:13:29:13:46":12,"s:14:30:14:45":13,"s:15:30:15:48":14,"s:16:27:16:43":15,"s:17:26:17:41":16,"s:18:25:18:40":17,"s:19:33:19:35":18,"s:20:26:20:29":19,"s:21:24:21:26":20,"s:22:32:22:36":21,"s:23:32:23:34":22,"s:24:37:24:38":23,"s:25:35:25:36":24,"s:26:27:26:30":25,"s:28:27:32:1":26,"s:34:26:40:1":27,"s:42:19:49:1":28,"s:51:26:59:1":29,"s:61:22:66:1":30,"s:68:21:75:1":31,"s:77:21:91:1":32,"s:93:22:98:1":33,"s:100:25:104:1":34,"s:106:18:114:1":35,"s:116:27:119:1":36},"fnNames":{}}}
,"/home/cosmicsheep42/Desktop/drawdb/src/data/databases.js": {"path":"/home/cosmicsheep42/Desktop/drawdb/src/data/databases.js","statementMap":{"0":{"start":{"line":10,"column":25},"end":{"line":64,"column":1}},"1":{"start":{"line":63,"column":28},"end":{"line":63,"column":62}}},"fnMap":{"0":{"name":"(anonymous_0)","decl":{"start":{"line":63,"column":9},"end":{"line":63,"column":10}},"loc":{"start":{"line":63,"column":28},"end":{"line":63,"column":62}},"line":63}},"branchMap":{"0":{"loc":{"start":{"line":63,"column":28},"end":{"line":63,"column":62}},"type":"cond-expr","locations":[{"start":{"line":63,"column":45},"end":{"line":63,"column":57}},{"start":{"line":63,"column":60},"end":{"line":63,"column":62}}],"line":63}},"s":{"0":2,"1":0},"f":{"0":0},"b":{"0":[0,0]},"meta":{"lastBranch":1,"lastFunction":1,"lastStatement":2,"seen":{"s:10:25:64:1":0,"f:63:9:63:10":0,"s:63:28:63:62":1,"b:63:45:63:57:63:60:63:62":0},"fnNames":{}}}
,"/home/cosmicsheep42/Desktop/drawdb/src/data/datatypes.js": {"path":"/home/cosmicsheep42/Desktop/drawdb/src/data/datatypes.js","statementMap":{"0":{"start":{"line":18,"column":17},"end":{"line":18,"column":26}},"1":{"start":{"line":19,"column":20},"end":{"line":19,"column":34}},"2":{"start":{"line":20,"column":20},"end":{"line":20,"column":29}},"3":{"start":{"line":23,"column":25},"end":{"line":360,"column":1}},"4":{"start":{"line":28,"column":6},"end":{"line":28,"column":null}},"5":{"start":{"line":39,"column":6},"end":{"line":39,"column":null}},"6":{"start":{"line":50,"column":6},"end":{"line":50,"column":null}},"7":{"start":{"line":61,"column":6},"end":{"line":61,"column":null}},"8":{"start":{"line":72,"column":6},"end":{"line":72,"column":null}},"9":{"start":{"line":82,"column":6},"end":{"line":82,"column":null}},"10":{"start":{"line":92,"column":6},"end":{"line":92,"column":null}},"11":{"start":{"line":103,"column":6},"end":{"line":103,"column":null}},"12":{"start":{"line":113,"column":6},"end":{"line":113,"column":null}},"13":{"start":{"line":123,"column":6},"end":{"line":123,"column":null}},"14":{"start":{"line":133,"column":6},"end":{"line":135,"column":null}},"15":{"start":{"line":134,"column":8},"end":{"line":134,"column":null}},"16":{"start":{"line":136,"column":6},"end":{"line":136,"column":null}},"17":{"start":{"line":148,"column":6},"end":{"line":150,"column":null}},"18":{"start":{"line":149,"column":8},"end":{"line":149,"column":null}},"19":{"start":{"line":151,"column":6},"end":{"line":151,"column":null}},"20":{"start":{"line":163,"column":6},"end":{"line":165,"column":null}},"21":{"start":{"line":164,"column":8},"end":{"line":164,"column":null}},"22":{"start":{"line":166,"column":6},"end":{"line":166,"column":null}},"23":{"start":{"line":177,"column":29},"end":{"line":177,"column":33}},"24":{"start":{"line":188,"column":6},"end":{"line":188,"column":null}},"25":{"start":{"line":199,"column":6},"end":{"line":201,"column":null}},"26":{"start":{"line":200,"column":8},"end":{"line":200,"column":null}},"27":{"start":{"line":202,"column":6},"end":{"line":204,"column":null}},"28":{"start":{"line":203,"column":8},"end":{"line":203,"column":null}},"29":{"start":{"line":205,"column":22},"end":{"line":205,"column":46}},"30":{"start":{"line":206,"column":19},"end":{"line":206,"column":40}},"31":{"start":{"line":207,"column":6},"end":{"line":209,"column":null}},"32":{"start":{"line":220,"column":6},"end":{"line":220,"column":null}},"33":{"start":{"line":231,"column":6},"end":{"line":233,"column":null}},"34":{"start":{"line":232,"column":8},"end":{"line":232,"column":null}},"35":{"start":{"line":234,"column":6},"end":{"line":236,"column":null}},"36":{"start":{"line":235,"column":8},"end":{"line":235,"column":null}},"37":{"start":{"line":237,"column":16},"end":{"line":237,"column":40}},"38":{"start":{"line":238,"column":16},"end":{"line":238,"column":31}},"39":{"start":{"line":239,"column":6},"end":{"line":239,"column":null}},"40":{"start":{"line":250,"column":6},"end":{"line":255,"column":null}},"41":{"start":{"line":265,"column":6},"end":{"line":267,"column":null}},"42":{"start":{"line":279,"column":6},"end":{"line":281,"column":null}},"43":{"start":{"line":292,"column":29},"end":{"line":292,"column":33}},"44":{"start":{"line":301,"column":29},"end":{"line":301,"column":33}},"45":{"start":{"line":310,"column":29},"end":{"line":310,"column":33}},"46":{"start":{"line":319,"column":29},"end":{"line":319,"column":33}},"47":{"start":{"line":328,"column":29},"end":{"line":328,"column":33}},"48":{"start":{"line":338,"column":6},"end":{"line":338,"column":null}},"49":{"start":{"line":349,"column":28},"end":{"line":349,"column":52}},"50":{"start":{"line":350,"column":6},"end":{"line":352,"column":null}},"51":{"start":{"line":350,"column":19},"end":{"line":350,"column":20}},"52":{"start":{"line":351,"column":8},"end":{"line":351,"column":null}},"53":{"start":{"line":351,"column":61},"end":{"line":351,"column":null}},"54":{"start":{"line":353,"column":6},"end":{"line":353,"column":null}},"55":{"start":{"line":362,"column":28},"end":{"line":364,"column":2}},"56":{"start":{"line":363,"column":26},"end":{"line":363,"column":63}},"57":{"start":{"line":366,"column":23},"end":{"line":837,"column":1}},"58":{"start":{"line":371,"column":6},"end":{"line":371,"column":null}},"59":{"start":{"line":383,"column":6},"end":{"line":383,"column":null}},"60":{"start":{"line":395,"column":6},"end":{"line":395,"column":null}},"61":{"start":{"line":407,"column":6},"end":{"line":407,"column":null}},"62":{"start":{"line":419,"column":6},"end":{"line":419,"column":null}},"63":{"start":{"line":431,"column":6},"end":{"line":431,"column":null}},"64":{"start":{"line":443,"column":6},"end":{"line":443,"column":null}},"65":{"start":{"line":453,"column":6},"end":{"line":453,"column":null}},"66":{"start":{"line":463,"column":6},"end":{"line":463,"column":null}},"67":{"start":{"line":473,"column":6},"end":{"line":473,"column":null}},"68":{"start":{"line":483,"column":6},"end":{"line":483,"column":null}},"69":{"start":{"line":493,"column":6},"end":{"line":498,"column":null}},"70":{"start":{"line":508,"column":6},"end":{"line":508,"column":null}},"71":{"start":{"line":519,"column":6},"end":{"line":521,"column":null}},"72":{"start":{"line":520,"column":8},"end":{"line":520,"column":null}},"73":{"start":{"line":522,"column":6},"end":{"line":524,"column":null}},"74":{"start":{"line":523,"column":8},"end":{"line":523,"column":null}},"75":{"start":{"line":525,"column":22},"end":{"line":525,"column":46}},"76":{"start":{"line":526,"column":19},"end":{"line":526,"column":40}},"77":{"start":{"line":527,"column":6},"end":{"line":529,"column":null}},"78":{"start":{"line":540,"column":6},"end":{"line":540,"column":null}},"79":{"start":{"line":551,"column":6},"end":{"line":553,"column":null}},"80":{"start":{"line":552,"column":8},"end":{"line":552,"column":null}},"81":{"start":{"line":554,"column":6},"end":{"line":556,"column":null}},"82":{"start":{"line":555,"column":8},"end":{"line":555,"column":null}},"83":{"start":{"line":557,"column":16},"end":{"line":557,"column":40}},"84":{"start":{"line":558,"column":16},"end":{"line":558,"column":31}},"85":{"start":{"line":559,"column":6},"end":{"line":559,"column":null}},"86":{"start":{"line":570,"column":6},"end":{"line":570,"column":null}},"87":{"start":{"line":580,"column":6},"end":{"line":582,"column":null}},"88":{"start":{"line":581,"column":8},"end":{"line":581,"column":null}},"89":{"start":{"line":583,"column":6},"end":{"line":583,"column":null}},"90":{"start":{"line":595,"column":6},"end":{"line":597,"column":null}},"91":{"start":{"line":596,"column":8},"end":{"line":596,"column":null}},"92":{"start":{"line":598,"column":6},"end":{"line":598,"column":null}},"93":{"start":{"line":610,"column":6},"end":{"line":612,"column":null}},"94":{"start":{"line":624,"column":6},"end":{"line":626,"column":null}},"95":{"start":{"line":637,"column":29},"end":{"line":637,"column":33}},"96":{"start":{"line":646,"column":29},"end":{"line":646,"column":33}},"97":{"start":{"line":655,"column":29},"end":{"line":655,"column":33}},"98":{"start":{"line":664,"column":29},"end":{"line":664,"column":33}},"99":{"start":{"line":674,"column":6},"end":{"line":676,"column":null}},"100":{"start":{"line":675,"column":8},"end":{"line":675,"column":null}},"101":{"start":{"line":677,"column":6},"end":{"line":677,"column":null}},"102":{"start":{"line":689,"column":6},"end":{"line":691,"column":null}},"103":{"start":{"line":690,"column":8},"end":{"line":690,"column":null}},"104":{"start":{"line":692,"column":6},"end":{"line":692,"column":null}},"105":{"start":{"line":704,"column":6},"end":{"line":706,"column":null}},"106":{"start":{"line":705,"column":8},"end":{"line":705,"column":null}},"107":{"start":{"line":707,"column":6},"end":{"line":707,"column":null}},"108":{"start":{"line":719,"column":6},"end":{"line":721,"column":null}},"109":{"start":{"line":720,"column":8},"end":{"line":720,"column":null}},"110":{"start":{"line":722,"column":6},"end":{"line":722,"column":null}},"111":{"start":{"line":734,"column":6},"end":{"line":734,"column":null}},"112":{"start":{"line":745,"column":28},"end":{"line":745,"column":52}},"113":{"start":{"line":746,"column":6},"end":{"line":748,"column":null}},"114":{"start":{"line":746,"column":19},"end":{"line":746,"column":20}},"115":{"start":{"line":747,"column":8},"end":{"line":747,"column":null}},"116":{"start":{"line":747,"column":61},"end":{"line":747,"column":null}},"117":{"start":{"line":749,"column":6},"end":{"line":749,"column":null}},"118":{"start":{"line":759,"column":29},"end":{"line":759,"column":33}},"119":{"start":{"line":768,"column":29},"end":{"line":768,"column":33}},"120":{"start":{"line":777,"column":29},"end":{"line":777,"column":33}},"121":{"start":{"line":786,"column":29},"end":{"line":786,"column":33}},"122":{"start":{"line":795,"column":29},"end":{"line":795,"column":33}},"123":{"start":{"line":804,"column":29},"end":{"line":804,"column":33}},"124":{"start":{"line":813,"column":29},"end":{"line":813,"column":33}},"125":{"start":{"line":822,"column":29},"end":{"line":822,"column":33}},"126":{"start":{"line":831,"column":29},"end":{"line":831,"column":33}},"127":{"start":{"line":839,"column":26},"end":{"line":841,"column":2}},"128":{"start":{"line":840,"column":26},"end":{"line":840,"column":63}},"129":{"start":{"line":843,"column":26},"end":{"line":1426,"column":1}},"130":{"start":{"line":848,"column":6},"end":{"line":848,"column":null}},"131":{"start":{"line":860,"column":6},"end":{"line":860,"column":null}},"132":{"start":{"line":878,"column":6},"end":{"line":878,"column":null}},"133":{"start":{"line":896,"column":6},"end":{"line":896,"column":null}},"134":{"start":{"line":906,"column":6},"end":{"line":906,"column":null}},"135":{"start":{"line":916,"column":6},"end":{"line":916,"column":null}},"136":{"start":{"line":926,"column":6},"end":{"line":926,"column":null}},"137":{"start":{"line":936,"column":6},"end":{"line":936,"column":null}},"138":{"start":{"line":947,"column":6},"end":{"line":947,"column":null}},"139":{"start":{"line":964,"column":6},"end":{"line":964,"column":null}},"140":{"start":{"line":975,"column":6},"end":{"line":975,"column":null}},"141":{"start":{"line":985,"column":6},"end":{"line":987,"column":null}},"142":{"start":{"line":986,"column":8},"end":{"line":986,"column":null}},"143":{"start":{"line":988,"column":6},"end":{"line":988,"column":null}},"144":{"start":{"line":1000,"column":6},"end":{"line":1002,"column":null}},"145":{"start":{"line":1001,"column":8},"end":{"line":1001,"column":null}},"146":{"start":{"line":1003,"column":6},"end":{"line":1003,"column":null}},"147":{"start":{"line":1015,"column":6},"end":{"line":1017,"column":null}},"148":{"start":{"line":1016,"column":8},"end":{"line":1016,"column":null}},"149":{"start":{"line":1018,"column":6},"end":{"line":1018,"column":null}},"150":{"start":{"line":1029,"column":6},"end":{"line":1029,"column":null}},"151":{"start":{"line":1041,"column":28},"end":{"line":1052,"column":7}},"152":{"start":{"line":1053,"column":6},"end":{"line":1056,"column":null}},"153":{"start":{"line":1067,"column":28},"end":{"line":1067,"column":47}},"154":{"start":{"line":1068,"column":6},"end":{"line":1071,"column":null}},"155":{"start":{"line":1082,"column":28},"end":{"line":1082,"column":47}},"156":{"start":{"line":1083,"column":6},"end":{"line":1087,"column":null}},"157":{"start":{"line":1098,"column":22},"end":{"line":1098,"column":46}},"158":{"start":{"line":1099,"column":19},"end":{"line":1099,"column":40}},"159":{"start":{"line":1100,"column":28},"end":{"line":1109,"column":7}},"160":{"start":{"line":1110,"column":6},"end":{"line":1115,"column":null}},"161":{"start":{"line":1126,"column":28},"end":{"line":1135,"column":7}},"162":{"start":{"line":1136,"column":6},"end":{"line":1140,"column":null}},"163":{"start":{"line":1150,"column":29},"end":{"line":1150,"column":65}},"164":{"start":{"line":1159,"column":29},"end":{"line":1159,"column":66}},"165":{"start":{"line":1168,"column":29},"end":{"line":1168,"column":64}},"166":{"start":{"line":1177,"column":29},"end":{"line":1177,"column":79}},"167":{"start":{"line":1186,"column":29},"end":{"line":1186,"column":79}},"168":{"start":{"line":1196,"column":6},"end":{"line":1198,"column":7}},"169":{"start":{"line":1208,"column":6},"end":{"line":1210,"column":7}},"170":{"start":{"line":1220,"column":6},"end":{"line":1222,"column":7}},"171":{"start":{"line":1232,"column":6},"end":{"line":1232,"column":73}},"172":{"start":{"line":1242,"column":6},"end":{"line":1242,"column":60}},"173":{"start":{"line":1252,"column":6},"end":{"line":1252,"column":63}},"174":{"start":{"line":1262,"column":6},"end":{"line":1262,"column":64}},"175":{"start":{"line":1272,"column":6},"end":{"line":1272,"column":64}},"176":{"start":{"line":1281,"column":29},"end":{"line":1281,"column":61}},"177":{"start":{"line":1291,"column":29},"end":{"line":1291,"column":58}},"178":{"start":{"line":1303,"column":24},"end":{"line":1303,"column":37}},"179":{"start":{"line":1304,"column":6},"end":{"line":1316,"column":null}},"180":{"start":{"line":1305,"column":8},"end":{"line":1307,"column":null}},"181":{"start":{"line":1306,"column":10},"end":{"line":1306,"column":null}},"182":{"start":{"line":1308,"column":8},"end":{"line":1308,"column":null}},"183":{"start":{"line":1309,"column":8},"end":{"line":1313,"column":null}},"184":{"start":{"line":1315,"column":8},"end":{"line":1315,"column":null}},"185":{"start":{"line":1328,"column":24},"end":{"line":1328,"column":37}},"186":{"start":{"line":1329,"column":6},"end":{"line":1341,"column":null}},"187":{"start":{"line":1330,"column":8},"end":{"line":1332,"column":null}},"188":{"start":{"line":1331,"column":10},"end":{"line":1331,"column":null}},"189":{"start":{"line":1333,"column":8},"end":{"line":1333,"column":null}},"190":{"start":{"line":1334,"column":8},"end":{"line":1338,"column":null}},"191":{"start":{"line":1340,"column":8},"end":{"line":1340,"column":null}},"192":{"start":{"line":1352,"column":24},"end":{"line":1352,"column":37}},"193":{"start":{"line":1353,"column":6},"end":{"line":1355,"column":null}},"194":{"start":{"line":1354,"column":8},"end":{"line":1354,"column":null}},"195":{"start":{"line":1356,"column":24},"end":{"line":1356,"column":49}},"196":{"start":{"line":1357,"column":21},"end":{"line":1357,"column":47}},"197":{"start":{"line":1358,"column":6},"end":{"line":1358,"column":null}},"198":{"start":{"line":1368,"column":29},"end":{"line":1368,"column":67}},"199":{"start":{"line":1377,"column":29},"end":{"line":1377,"column":72}},"200":{"start":{"line":1386,"column":29},"end":{"line":1386,"column":33}},"201":{"start":{"line":1396,"column":29},"end":{"line":1396,"column":33}},"202":{"start":{"line":1407,"column":6},"end":{"line":1409,"column":7}},"203":{"start":{"line":1419,"column":29},"end":{"line":1419,"column":33}},"204":{"start":{"line":1428,"column":29},"end":{"line":1430,"column":2}},"205":{"start":{"line":1429,"column":26},"end":{"line":1429,"column":63}},"206":{"start":{"line":1432,"column":24},"end":{"line":1575,"column":1}},"207":{"start":{"line":1437,"column":6},"end":{"line":1437,"column":null}},"208":{"start":{"line":1448,"column":6},"end":{"line":1448,"column":null}},"209":{"start":{"line":1458,"column":6},"end":{"line":1458,"column":null}},"210":{"start":{"line":1468,"column":6},"end":{"line":1473,"column":null}},"211":{"start":{"line":1483,"column":6},"end":{"line":1485,"column":null}},"212":{"start":{"line":1484,"column":8},"end":{"line":1484,"column":null}},"213":{"start":{"line":1486,"column":6},"end":{"line":1486,"column":null}},"214":{"start":{"line":1497,"column":29},"end":{"line":1497,"column":33}},"215":{"start":{"line":1507,"column":29},"end":{"line":1507,"column":33}},"216":{"start":{"line":1517,"column":6},"end":{"line":1517,"column":null}},"217":{"start":{"line":1528,"column":6},"end":{"line":1530,"column":null}},"218":{"start":{"line":1529,"column":8},"end":{"line":1529,"column":null}},"219":{"start":{"line":1531,"column":6},"end":{"line":1533,"column":null}},"220":{"start":{"line":1532,"column":8},"end":{"line":1532,"column":null}},"221":{"start":{"line":1534,"column":22},"end":{"line":1534,"column":46}},"222":{"start":{"line":1535,"column":19},"end":{"line":1535,"column":40}},"223":{"start":{"line":1536,"column":6},"end":{"line":1538,"column":null}},"224":{"start":{"line":1549,"column":6},"end":{"line":1549,"column":null}},"225":{"start":{"line":1560,"column":6},"end":{"line":1562,"column":null}},"226":{"start":{"line":1561,"column":8},"end":{"line":1561,"column":null}},"227":{"start":{"line":1563,"column":6},"end":{"line":1565,"column":null}},"228":{"start":{"line":1564,"column":8},"end":{"line":1564,"column":null}},"229":{"start":{"line":1566,"column":16},"end":{"line":1566,"column":40}},"230":{"start":{"line":1567,"column":16},"end":{"line":1567,"column":31}},"231":{"start":{"line":1568,"column":6},"end":{"line":1568,"column":null}},"232":{"start":{"line":1577,"column":27},"end":{"line":1579,"column":2}},"233":{"start":{"line":1578,"column":26},"end":{"line":1578,"column":63}},"234":{"start":{"line":1581,"column":23},"end":{"line":1996,"column":1}},"235":{"start":{"line":1586,"column":6},"end":{"line":1586,"column":null}},"236":{"start":{"line":1597,"column":6},"end":{"line":1597,"column":null}},"237":{"start":{"line":1608,"column":6},"end":{"line":1608,"column":null}},"238":{"start":{"line":1619,"column":6},"end":{"line":1619,"column":null}},"239":{"start":{"line":1630,"column":6},"end":{"line":1630,"column":null}},"240":{"start":{"line":1640,"column":6},"end":{"line":1640,"column":null}},"241":{"start":{"line":1650,"column":6},"end":{"line":1650,"column":null}},"242":{"start":{"line":1660,"column":6},"end":{"line":1660,"column":null}},"243":{"start":{"line":1670,"column":6},"end":{"line":1670,"column":null}},"244":{"start":{"line":1680,"column":6},"end":{"line":1680,"column":null}},"245":{"start":{"line":1690,"column":6},"end":{"line":1690,"column":null}},"246":{"start":{"line":1700,"column":6},"end":{"line":1700,"column":null}},"247":{"start":{"line":1710,"column":6},"end":{"line":1710,"column":null}},"248":{"start":{"line":1721,"column":6},"end":{"line":1723,"column":null}},"249":{"start":{"line":1722,"column":8},"end":{"line":1722,"column":null}},"250":{"start":{"line":1724,"column":6},"end":{"line":1726,"column":null}},"251":{"start":{"line":1725,"column":8},"end":{"line":1725,"column":null}},"252":{"start":{"line":1727,"column":16},"end":{"line":1727,"column":40}},"253":{"start":{"line":1728,"column":16},"end":{"line":1728,"column":31}},"254":{"start":{"line":1729,"column":6},"end":{"line":1729,"column":null}},"255":{"start":{"line":1740,"column":6},"end":{"line":1742,"column":null}},"256":{"start":{"line":1741,"column":8},"end":{"line":1741,"column":null}},"257":{"start":{"line":1743,"column":6},"end":{"line":1745,"column":null}},"258":{"start":{"line":1744,"column":8},"end":{"line":1744,"column":null}},"259":{"start":{"line":1746,"column":16},"end":{"line":1746,"column":40}},"260":{"start":{"line":1747,"column":16},"end":{"line":1747,"column":31}},"261":{"start":{"line":1748,"column":6},"end":{"line":1748,"column":null}},"262":{"start":{"line":1759,"column":6},"end":{"line":1761,"column":null}},"263":{"start":{"line":1760,"column":8},"end":{"line":1760,"column":null}},"264":{"start":{"line":1762,"column":6},"end":{"line":1768,"column":null}},"265":{"start":{"line":1767,"column":8},"end":{"line":1767,"column":null}},"266":{"start":{"line":1769,"column":16},"end":{"line":1769,"column":40}},"267":{"start":{"line":1770,"column":16},"end":{"line":1770,"column":31}},"268":{"start":{"line":1771,"column":6},"end":{"line":1771,"column":null}},"269":{"start":{"line":1782,"column":6},"end":{"line":1784,"column":null}},"270":{"start":{"line":1783,"column":8},"end":{"line":1783,"column":null}},"271":{"start":{"line":1785,"column":6},"end":{"line":1787,"column":null}},"272":{"start":{"line":1786,"column":8},"end":{"line":1786,"column":null}},"273":{"start":{"line":1788,"column":16},"end":{"line":1788,"column":40}},"274":{"start":{"line":1789,"column":16},"end":{"line":1789,"column":31}},"275":{"start":{"line":1790,"column":6},"end":{"line":1790,"column":null}},"276":{"start":{"line":1801,"column":6},"end":{"line":1801,"column":null}},"277":{"start":{"line":1812,"column":6},"end":{"line":1814,"column":null}},"278":{"start":{"line":1813,"column":8},"end":{"line":1813,"column":null}},"279":{"start":{"line":1815,"column":6},"end":{"line":1817,"column":null}},"280":{"start":{"line":1816,"column":8},"end":{"line":1816,"column":null}},"281":{"start":{"line":1818,"column":22},"end":{"line":1818,"column":46}},"282":{"start":{"line":1819,"column":19},"end":{"line":1819,"column":40}},"283":{"start":{"line":1820,"column":6},"end":{"line":1822,"column":null}},"284":{"start":{"line":1833,"column":6},"end":{"line":1835,"column":null}},"285":{"start":{"line":1834,"column":8},"end":{"line":1834,"column":null}},"286":{"start":{"line":1836,"column":6},"end":{"line":1836,"column":null}},"287":{"start":{"line":1848,"column":6},"end":{"line":1850,"column":null}},"288":{"start":{"line":1849,"column":8},"end":{"line":1849,"column":null}},"289":{"start":{"line":1851,"column":6},"end":{"line":1851,"column":null}},"290":{"start":{"line":1862,"column":29},"end":{"line":1862,"column":33}},"291":{"start":{"line":1873,"column":6},"end":{"line":1875,"column":null}},"292":{"start":{"line":1874,"column":8},"end":{"line":1874,"column":null}},"293":{"start":{"line":1876,"column":6},"end":{"line":1876,"column":null}},"294":{"start":{"line":1888,"column":6},"end":{"line":1890,"column":null}},"295":{"start":{"line":1889,"column":8},"end":{"line":1889,"column":null}},"296":{"start":{"line":1891,"column":6},"end":{"line":1891,"column":null}},"297":{"start":{"line":1902,"column":29},"end":{"line":1902,"column":33}},"298":{"start":{"line":1913,"column":6},"end":{"line":1915,"column":null}},"299":{"start":{"line":1927,"column":6},"end":{"line":1929,"column":null}},"300":{"start":{"line":1940,"column":29},"end":{"line":1940,"column":33}},"301":{"start":{"line":1950,"column":29},"end":{"line":1950,"column":33}},"302":{"start":{"line":1959,"column":29},"end":{"line":1959,"column":33}},"303":{"start":{"line":1969,"column":29},"end":{"line":1969,"column":33}},"304":{"start":{"line":1979,"column":29},"end":{"line":1979,"column":33}},"305":{"start":{"line":1989,"column":29},"end":{"line":1989,"column":33}},"306":{"start":{"line":1998,"column":26},"end":{"line":2000,"column":2}},"307":{"start":{"line":1999,"column":26},"end":{"line":1999,"column":63}},"308":{"start":{"line":2002,"column":27},"end":{"line":2227,"column":1}},"309":{"start":{"line":2007,"column":6},"end":{"line":2007,"column":null}},"310":{"start":{"line":2018,"column":6},"end":{"line":2018,"column":null}},"311":{"start":{"line":2029,"column":6},"end":{"line":2029,"column":null}},"312":{"start":{"line":2039,"column":6},"end":{"line":2039,"column":null}},"313":{"start":{"line":2050,"column":6},"end":{"line":2052,"column":null}},"314":{"start":{"line":2051,"column":8},"end":{"line":2051,"column":null}},"315":{"start":{"line":2053,"column":6},"end":{"line":2053,"column":null}},"316":{"start":{"line":2065,"column":6},"end":{"line":2067,"column":null}},"317":{"start":{"line":2066,"column":8},"end":{"line":2066,"column":null}},"318":{"start":{"line":2068,"column":6},"end":{"line":2068,"column":null}},"319":{"start":{"line":2080,"column":6},"end":{"line":2082,"column":null}},"320":{"start":{"line":2081,"column":8},"end":{"line":2081,"column":null}},"321":{"start":{"line":2083,"column":6},"end":{"line":2083,"column":null}},"322":{"start":{"line":2095,"column":6},"end":{"line":2097,"column":null}},"323":{"start":{"line":2096,"column":8},"end":{"line":2096,"column":null}},"324":{"start":{"line":2098,"column":6},"end":{"line":2098,"column":null}},"325":{"start":{"line":2109,"column":29},"end":{"line":2109,"column":33}},"326":{"start":{"line":2118,"column":29},"end":{"line":2118,"column":33}},"327":{"start":{"line":2127,"column":29},"end":{"line":2127,"column":33}},"328":{"start":{"line":2136,"column":29},"end":{"line":2136,"column":33}},"329":{"start":{"line":2145,"column":29},"end":{"line":2145,"column":33}},"330":{"start":{"line":2154,"column":29},"end":{"line":2154,"column":33}},"331":{"start":{"line":2164,"column":6},"end":{"line":2164,"column":null}},"332":{"start":{"line":2175,"column":6},"end":{"line":2177,"column":null}},"333":{"start":{"line":2176,"column":8},"end":{"line":2176,"column":null}},"334":{"start":{"line":2178,"column":6},"end":{"line":2180,"column":null}},"335":{"start":{"line":2191,"column":6},"end":{"line":2193,"column":null}},"336":{"start":{"line":2204,"column":6},"end":{"line":2209,"column":null}},"337":{"start":{"line":2219,"column":6},"end":{"line":2219,"column":null}},"338":{"start":{"line":2229,"column":30},"end":{"line":2231,"column":2}},"339":{"start":{"line":2230,"column":26},"end":{"line":2230,"column":63}},"340":{"start":{"line":2233,"column":32},"end":{"line":2261,"column":1}},"341":{"start":{"line":2237,"column":29},"end":{"line":2237,"column":33}},"342":{"start":{"line":2246,"column":29},"end":{"line":2246,"column":33}},"343":{"start":{"line":2255,"column":29},"end":{"line":2255,"column":33}},"344":{"start":{"line":2263,"column":28},"end":{"line":2268,"column":1}},"345":{"start":{"line":2266,"column":28},"end":{"line":2266,"column":65}},"346":{"start":{"line":2270,"column":22},"end":{"line":2278,"column":1}},"347":{"start":{"line":2280,"column":25},"end":{"line":2282,"column":2}},"348":{"start":{"line":2281,"column":26},"end":{"line":2281,"column":63}}},"fnMap":{"0":{"name":"(anonymous_0)","decl":{"start":{"line":27,"column":18},"end":{"line":27,"column":19}},"loc":{"start":{"line":27,"column":29},"end":{"line":29,"column":5}},"line":27},"1":{"name":"(anonymous_1)","decl":{"start":{"line":38,"column":18},"end":{"line":38,"column":19}},"loc":{"start":{"line":38,"column":29},"end":{"line":40,"column":5}},"line":38},"2":{"name":"(anonymous_2)","decl":{"start":{"line":49,"column":18},"end":{"line":49,"column":19}},"loc":{"start":{"line":49,"column":29},"end":{"line":51,"column":5}},"line":49},"3":{"name":"(anonymous_3)","decl":{"start":{"line":60,"column":18},"end":{"line":60,"column":19}},"loc":{"start":{"line":60,"column":29},"end":{"line":62,"column":5}},"line":60},"4":{"name":"(anonymous_4)","decl":{"start":{"line":71,"column":18},"end":{"line":71,"column":19}},"loc":{"start":{"line":71,"column":29},"end":{"line":73,"column":5}},"line":71},"5":{"name":"(anonymous_5)","decl":{"start":{"line":81,"column":18},"end":{"line":81,"column":19}},"loc":{"start":{"line":81,"column":29},"end":{"line":83,"column":5}},"line":81},"6":{"name":"(anonymous_6)","decl":{"start":{"line":91,"column":18},"end":{"line":91,"column":19}},"loc":{"start":{"line":91,"column":29},"end":{"line":93,"column":5}},"line":91},"7":{"name":"(anonymous_7)","decl":{"start":{"line":102,"column":18},"end":{"line":102,"column":19}},"loc":{"start":{"line":102,"column":29},"end":{"line":104,"column":5}},"line":102},"8":{"name":"(anonymous_8)","decl":{"start":{"line":112,"column":18},"end":{"line":112,"column":19}},"loc":{"start":{"line":112,"column":29},"end":{"line":114,"column":5}},"line":112},"9":{"name":"(anonymous_9)","decl":{"start":{"line":122,"column":18},"end":{"line":122,"column":19}},"loc":{"start":{"line":122,"column":29},"end":{"line":124,"column":5}},"line":122},"10":{"name":"(anonymous_10)","decl":{"start":{"line":132,"column":18},"end":{"line":132,"column":19}},"loc":{"start":{"line":132,"column":29},"end":{"line":137,"column":5}},"line":132},"11":{"name":"(anonymous_11)","decl":{"start":{"line":147,"column":18},"end":{"line":147,"column":19}},"loc":{"start":{"line":147,"column":29},"end":{"line":152,"column":5}},"line":147},"12":{"name":"(anonymous_12)","decl":{"start":{"line":162,"column":18},"end":{"line":162,"column":19}},"loc":{"start":{"line":162,"column":29},"end":{"line":167,"column":5}},"line":162},"13":{"name":"(anonymous_13)","decl":{"start":{"line":177,"column":18},"end":{"line":177,"column":19}},"loc":{"start":{"line":177,"column":29},"end":{"line":177,"column":33}},"line":177},"14":{"name":"(anonymous_14)","decl":{"start":{"line":187,"column":18},"end":{"line":187,"column":19}},"loc":{"start":{"line":187,"column":29},"end":{"line":189,"column":5}},"line":187},"15":{"name":"(anonymous_15)","decl":{"start":{"line":198,"column":18},"end":{"line":198,"column":19}},"loc":{"start":{"line":198,"column":29},"end":{"line":210,"column":5}},"line":198},"16":{"name":"(anonymous_16)","decl":{"start":{"line":219,"column":18},"end":{"line":219,"column":19}},"loc":{"start":{"line":219,"column":29},"end":{"line":221,"column":5}},"line":219},"17":{"name":"(anonymous_17)","decl":{"start":{"line":230,"column":18},"end":{"line":230,"column":19}},"loc":{"start":{"line":230,"column":29},"end":{"line":240,"column":5}},"line":230},"18":{"name":"(anonymous_18)","decl":{"start":{"line":249,"column":18},"end":{"line":249,"column":19}},"loc":{"start":{"line":249,"column":29},"end":{"line":256,"column":5}},"line":249},"19":{"name":"(anonymous_19)","decl":{"start":{"line":264,"column":18},"end":{"line":264,"column":19}},"loc":{"start":{"line":264,"column":29},"end":{"line":268,"column":5}},"line":264},"20":{"name":"(anonymous_20)","decl":{"start":{"line":278,"column":18},"end":{"line":278,"column":19}},"loc":{"start":{"line":278,"column":29},"end":{"line":282,"column":5}},"line":278},"21":{"name":"(anonymous_21)","decl":{"start":{"line":292,"column":18},"end":{"line":292,"column":19}},"loc":{"start":{"line":292,"column":29},"end":{"line":292,"column":33}},"line":292},"22":{"name":"(anonymous_22)","decl":{"start":{"line":301,"column":18},"end":{"line":301,"column":19}},"loc":{"start":{"line":301,"column":29},"end":{"line":301,"column":33}},"line":301},"23":{"name":"(anonymous_23)","decl":{"start":{"line":310,"column":18},"end":{"line":310,"column":19}},"loc":{"start":{"line":310,"column":29},"end":{"line":310,"column":33}},"line":310},"24":{"name":"(anonymous_24)","decl":{"start":{"line":319,"column":18},"end":{"line":319,"column":19}},"loc":{"start":{"line":319,"column":29},"end":{"line":319,"column":33}},"line":319},"25":{"name":"(anonymous_25)","decl":{"start":{"line":328,"column":18},"end":{"line":328,"column":19}},"loc":{"start":{"line":328,"column":29},"end":{"line":328,"column":33}},"line":328},"26":{"name":"(anonymous_26)","decl":{"start":{"line":337,"column":18},"end":{"line":337,"column":19}},"loc":{"start":{"line":337,"column":29},"end":{"line":339,"column":5}},"line":337},"27":{"name":"(anonymous_27)","decl":{"start":{"line":348,"column":18},"end":{"line":348,"column":19}},"loc":{"start":{"line":348,"column":29},"end":{"line":354,"column":5}},"line":348},"28":{"name":"(anonymous_28)","decl":{"start":{"line":363,"column":7},"end":{"line":363,"column":8}},"loc":{"start":{"line":363,"column":26},"end":{"line":363,"column":63}},"line":363},"29":{"name":"(anonymous_29)","decl":{"start":{"line":370,"column":18},"end":{"line":370,"column":19}},"loc":{"start":{"line":370,"column":29},"end":{"line":372,"column":5}},"line":370},"30":{"name":"(anonymous_30)","decl":{"start":{"line":382,"column":18},"end":{"line":382,"column":19}},"loc":{"start":{"line":382,"column":29},"end":{"line":384,"column":5}},"line":382},"31":{"name":"(anonymous_31)","decl":{"start":{"line":394,"column":18},"end":{"line":394,"column":19}},"loc":{"start":{"line":394,"column":29},"end":{"line":396,"column":5}},"line":394},"32":{"name":"(anonymous_32)","decl":{"start":{"line":406,"column":18},"end":{"line":406,"column":19}},"loc":{"start":{"line":406,"column":29},"end":{"line":408,"column":5}},"line":406},"33":{"name":"(anonymous_33)","decl":{"start":{"line":418,"column":18},"end":{"line":418,"column":19}},"loc":{"start":{"line":418,"column":29},"end":{"line":420,"column":5}},"line":418},"34":{"name":"(anonymous_34)","decl":{"start":{"line":430,"column":18},"end":{"line":430,"column":19}},"loc":{"start":{"line":430,"column":29},"end":{"line":432,"column":5}},"line":430},"35":{"name":"(anonymous_35)","decl":{"start":{"line":442,"column":18},"end":{"line":442,"column":19}},"loc":{"start":{"line":442,"column":29},"end":{"line":444,"column":5}},"line":442},"36":{"name":"(anonymous_36)","decl":{"start":{"line":452,"column":18},"end":{"line":452,"column":19}},"loc":{"start":{"line":452,"column":29},"end":{"line":454,"column":5}},"line":452},"37":{"name":"(anonymous_37)","decl":{"start":{"line":462,"column":18},"end":{"line":462,"column":19}},"loc":{"start":{"line":462,"column":29},"end":{"line":464,"column":5}},"line":462},"38":{"name":"(anonymous_38)","decl":{"start":{"line":472,"column":18},"end":{"line":472,"column":19}},"loc":{"start":{"line":472,"column":29},"end":{"line":474,"column":5}},"line":472},"39":{"name":"(anonymous_39)","decl":{"start":{"line":482,"column":18},"end":{"line":482,"column":19}},"loc":{"start":{"line":482,"column":29},"end":{"line":484,"column":5}},"line":482},"40":{"name":"(anonymous_40)","decl":{"start":{"line":492,"column":18},"end":{"line":492,"column":19}},"loc":{"start":{"line":492,"column":29},"end":{"line":499,"column":5}},"line":492},"41":{"name":"(anonymous_41)","decl":{"start":{"line":507,"column":18},"end":{"line":507,"column":19}},"loc":{"start":{"line":507,"column":29},"end":{"line":509,"column":5}},"line":507},"42":{"name":"(anonymous_42)","decl":{"start":{"line":518,"column":18},"end":{"line":518,"column":19}},"loc":{"start":{"line":518,"column":29},"end":{"line":530,"column":5}},"line":518},"43":{"name":"(anonymous_43)","decl":{"start":{"line":539,"column":18},"end":{"line":539,"column":19}},"loc":{"start":{"line":539,"column":29},"end":{"line":541,"column":5}},"line":539},"44":{"name":"(anonymous_44)","decl":{"start":{"line":550,"column":18},"end":{"line":550,"column":19}},"loc":{"start":{"line":550,"column":29},"end":{"line":560,"column":5}},"line":550},"45":{"name":"(anonymous_45)","decl":{"start":{"line":569,"column":18},"end":{"line":569,"column":19}},"loc":{"start":{"line":569,"column":29},"end":{"line":571,"column":5}},"line":569},"46":{"name":"(anonymous_46)","decl":{"start":{"line":579,"column":18},"end":{"line":579,"column":19}},"loc":{"start":{"line":579,"column":29},"end":{"line":584,"column":5}},"line":579},"47":{"name":"(anonymous_47)","decl":{"start":{"line":594,"column":18},"end":{"line":594,"column":19}},"loc":{"start":{"line":594,"column":29},"end":{"line":599,"column":5}},"line":594},"48":{"name":"(anonymous_48)","decl":{"start":{"line":609,"column":18},"end":{"line":609,"column":19}},"loc":{"start":{"line":609,"column":29},"end":{"line":613,"column":5}},"line":609},"49":{"name":"(anonymous_49)","decl":{"start":{"line":623,"column":18},"end":{"line":623,"column":19}},"loc":{"start":{"line":623,"column":29},"end":{"line":627,"column":5}},"line":623},"50":{"name":"(anonymous_50)","decl":{"start":{"line":637,"column":18},"end":{"line":637,"column":19}},"loc":{"start":{"line":637,"column":29},"end":{"line":637,"column":33}},"line":637},"51":{"name":"(anonymous_51)","decl":{"start":{"line":646,"column":18},"end":{"line":646,"column":19}},"loc":{"start":{"line":646,"column":29},"end":{"line":646,"column":33}},"line":646},"52":{"name":"(anonymous_52)","decl":{"start":{"line":655,"column":18},"end":{"line":655,"column":19}},"loc":{"start":{"line":655,"column":29},"end":{"line":655,"column":33}},"line":655},"53":{"name":"(anonymous_53)","decl":{"start":{"line":664,"column":18},"end":{"line":664,"column":19}},"loc":{"start":{"line":664,"column":29},"end":{"line":664,"column":33}},"line":664},"54":{"name":"(anonymous_54)","decl":{"start":{"line":673,"column":18},"end":{"line":673,"column":19}},"loc":{"start":{"line":673,"column":29},"end":{"line":678,"column":5}},"line":673},"55":{"name":"(anonymous_55)","decl":{"start":{"line":688,"column":18},"end":{"line":688,"column":19}},"loc":{"start":{"line":688,"column":29},"end":{"line":693,"column":5}},"line":688},"56":{"name":"(anonymous_56)","decl":{"start":{"line":703,"column":18},"end":{"line":703,"column":19}},"loc":{"start":{"line":703,"column":29},"end":{"line":708,"column":5}},"line":703},"57":{"name":"(anonymous_57)","decl":{"start":{"line":718,"column":18},"end":{"line":718,"column":19}},"loc":{"start":{"line":718,"column":29},"end":{"line":723,"column":5}},"line":718},"58":{"name":"(anonymous_58)","decl":{"start":{"line":733,"column":18},"end":{"line":733,"column":19}},"loc":{"start":{"line":733,"column":29},"end":{"line":735,"column":5}},"line":733},"59":{"name":"(anonymous_59)","decl":{"start":{"line":744,"column":18},"end":{"line":744,"column":19}},"loc":{"start":{"line":744,"column":29},"end":{"line":750,"column":5}},"line":744},"60":{"name":"(anonymous_60)","decl":{"start":{"line":759,"column":18},"end":{"line":759,"column":19}},"loc":{"start":{"line":759,"column":29},"end":{"line":759,"column":33}},"line":759},"61":{"name":"(anonymous_61)","decl":{"start":{"line":768,"column":18},"end":{"line":768,"column":19}},"loc":{"start":{"line":768,"column":29},"end":{"line":768,"column":33}},"line":768},"62":{"name":"(anonymous_62)","decl":{"start":{"line":777,"column":18},"end":{"line":777,"column":19}},"loc":{"start":{"line":777,"column":29},"end":{"line":777,"column":33}},"line":777},"63":{"name":"(anonymous_63)","decl":{"start":{"line":786,"column":18},"end":{"line":786,"column":19}},"loc":{"start":{"line":786,"column":29},"end":{"line":786,"column":33}},"line":786},"64":{"name":"(anonymous_64)","decl":{"start":{"line":795,"column":18},"end":{"line":795,"column":19}},"loc":{"start":{"line":795,"column":29},"end":{"line":795,"column":33}},"line":795},"65":{"name":"(anonymous_65)","decl":{"start":{"line":804,"column":18},"end":{"line":804,"column":19}},"loc":{"start":{"line":804,"column":29},"end":{"line":804,"column":33}},"line":804},"66":{"name":"(anonymous_66)","decl":{"start":{"line":813,"column":18},"end":{"line":813,"column":19}},"loc":{"start":{"line":813,"column":29},"end":{"line":813,"column":33}},"line":813},"67":{"name":"(anonymous_67)","decl":{"start":{"line":822,"column":18},"end":{"line":822,"column":19}},"loc":{"start":{"line":822,"column":29},"end":{"line":822,"column":33}},"line":822},"68":{"name":"(anonymous_68)","decl":{"start":{"line":831,"column":18},"end":{"line":831,"column":19}},"loc":{"start":{"line":831,"column":29},"end":{"line":831,"column":33}},"line":831},"69":{"name":"(anonymous_69)","decl":{"start":{"line":840,"column":7},"end":{"line":840,"column":8}},"loc":{"start":{"line":840,"column":26},"end":{"line":840,"column":63}},"line":840},"70":{"name":"(anonymous_70)","decl":{"start":{"line":847,"column":18},"end":{"line":847,"column":19}},"loc":{"start":{"line":847,"column":29},"end":{"line":849,"column":5}},"line":847},"71":{"name":"(anonymous_71)","decl":{"start":{"line":859,"column":18},"end":{"line":859,"column":19}},"loc":{"start":{"line":859,"column":29},"end":{"line":861,"column":5}},"line":859},"72":{"name":"(anonymous_72)","decl":{"start":{"line":877,"column":18},"end":{"line":877,"column":19}},"loc":{"start":{"line":877,"column":29},"end":{"line":879,"column":5}},"line":877},"73":{"name":"(anonymous_73)","decl":{"start":{"line":895,"column":18},"end":{"line":895,"column":19}},"loc":{"start":{"line":895,"column":29},"end":{"line":897,"column":5}},"line":895},"74":{"name":"(anonymous_74)","decl":{"start":{"line":905,"column":18},"end":{"line":905,"column":19}},"loc":{"start":{"line":905,"column":29},"end":{"line":907,"column":5}},"line":905},"75":{"name":"(anonymous_75)","decl":{"start":{"line":915,"column":18},"end":{"line":915,"column":19}},"loc":{"start":{"line":915,"column":29},"end":{"line":917,"column":5}},"line":915},"76":{"name":"(anonymous_76)","decl":{"start":{"line":925,"column":18},"end":{"line":925,"column":19}},"loc":{"start":{"line":925,"column":29},"end":{"line":927,"column":5}},"line":925},"77":{"name":"(anonymous_77)","decl":{"start":{"line":935,"column":18},"end":{"line":935,"column":19}},"loc":{"start":{"line":935,"column":29},"end":{"line":937,"column":5}},"line":935},"78":{"name":"(anonymous_78)","decl":{"start":{"line":946,"column":18},"end":{"line":946,"column":19}},"loc":{"start":{"line":946,"column":29},"end":{"line":948,"column":5}},"line":946},"79":{"name":"(anonymous_79)","decl":{"start":{"line":963,"column":18},"end":{"line":963,"column":19}},"loc":{"start":{"line":963,"column":29},"end":{"line":965,"column":5}},"line":963},"80":{"name":"(anonymous_80)","decl":{"start":{"line":974,"column":18},"end":{"line":974,"column":19}},"loc":{"start":{"line":974,"column":29},"end":{"line":976,"column":5}},"line":974},"81":{"name":"(anonymous_81)","decl":{"start":{"line":984,"column":18},"end":{"line":984,"column":19}},"loc":{"start":{"line":984,"column":29},"end":{"line":989,"column":5}},"line":984},"82":{"name":"(anonymous_82)","decl":{"start":{"line":999,"column":18},"end":{"line":999,"column":19}},"loc":{"start":{"line":999,"column":29},"end":{"line":1004,"column":5}},"line":999},"83":{"name":"(anonymous_83)","decl":{"start":{"line":1014,"column":18},"end":{"line":1014,"column":19}},"loc":{"start":{"line":1014,"column":29},"end":{"line":1019,"column":5}},"line":1014},"84":{"name":"(anonymous_84)","decl":{"start":{"line":1028,"column":18},"end":{"line":1028,"column":19}},"loc":{"start":{"line":1028,"column":29},"end":{"line":1030,"column":5}},"line":1028},"85":{"name":"(anonymous_85)","decl":{"start":{"line":1040,"column":18},"end":{"line":1040,"column":19}},"loc":{"start":{"line":1040,"column":29},"end":{"line":1057,"column":5}},"line":1040},"86":{"name":"(anonymous_86)","decl":{"start":{"line":1066,"column":18},"end":{"line":1066,"column":19}},"loc":{"start":{"line":1066,"column":29},"end":{"line":1072,"column":5}},"line":1066},"87":{"name":"(anonymous_87)","decl":{"start":{"line":1081,"column":18},"end":{"line":1081,"column":19}},"loc":{"start":{"line":1081,"column":29},"end":{"line":1088,"column":5}},"line":1081},"88":{"name":"(anonymous_88)","decl":{"start":{"line":1097,"column":18},"end":{"line":1097,"column":19}},"loc":{"start":{"line":1097,"column":29},"end":{"line":1116,"column":5}},"line":1097},"89":{"name":"(anonymous_89)","decl":{"start":{"line":1125,"column":18},"end":{"line":1125,"column":19}},"loc":{"start":{"line":1125,"column":29},"end":{"line":1141,"column":5}},"line":1125},"90":{"name":"(anonymous_90)","decl":{"start":{"line":1150,"column":18},"end":{"line":1150,"column":19}},"loc":{"start":{"line":1150,"column":29},"end":{"line":1150,"column":65}},"line":1150},"91":{"name":"(anonymous_91)","decl":{"start":{"line":1159,"column":18},"end":{"line":1159,"column":19}},"loc":{"start":{"line":1159,"column":29},"end":{"line":1159,"column":66}},"line":1159},"92":{"name":"(anonymous_92)","decl":{"start":{"line":1168,"column":18},"end":{"line":1168,"column":19}},"loc":{"start":{"line":1168,"column":29},"end":{"line":1168,"column":64}},"line":1168},"93":{"name":"(anonymous_93)","decl":{"start":{"line":1177,"column":18},"end":{"line":1177,"column":19}},"loc":{"start":{"line":1177,"column":29},"end":{"line":1177,"column":79}},"line":1177},"94":{"name":"(anonymous_94)","decl":{"start":{"line":1186,"column":18},"end":{"line":1186,"column":19}},"loc":{"start":{"line":1186,"column":29},"end":{"line":1186,"column":79}},"line":1186},"95":{"name":"(anonymous_95)","decl":{"start":{"line":1195,"column":18},"end":{"line":1195,"column":19}},"loc":{"start":{"line":1196,"column":6},"end":{"line":1198,"column":7}},"line":1196},"96":{"name":"(anonymous_96)","decl":{"start":{"line":1207,"column":18},"end":{"line":1207,"column":19}},"loc":{"start":{"line":1208,"column":6},"end":{"line":1210,"column":7}},"line":1208},"97":{"name":"(anonymous_97)","decl":{"start":{"line":1219,"column":18},"end":{"line":1219,"column":19}},"loc":{"start":{"line":1220,"column":6},"end":{"line":1222,"column":7}},"line":1220},"98":{"name":"(anonymous_98)","decl":{"start":{"line":1231,"column":18},"end":{"line":1231,"column":19}},"loc":{"start":{"line":1232,"column":6},"end":{"line":1232,"column":73}},"line":1232},"99":{"name":"(anonymous_99)","decl":{"start":{"line":1241,"column":18},"end":{"line":1241,"column":19}},"loc":{"start":{"line":1242,"column":6},"end":{"line":1242,"column":60}},"line":1242},"100":{"name":"(anonymous_100)","decl":{"start":{"line":1251,"column":18},"end":{"line":1251,"column":19}},"loc":{"start":{"line":1252,"column":6},"end":{"line":1252,"column":63}},"line":1252},"101":{"name":"(anonymous_101)","decl":{"start":{"line":1261,"column":18},"end":{"line":1261,"column":19}},"loc":{"start":{"line":1262,"column":6},"end":{"line":1262,"column":64}},"line":1262},"102":{"name":"(anonymous_102)","decl":{"start":{"line":1271,"column":18},"end":{"line":1271,"column":19}},"loc":{"start":{"line":1272,"column":6},"end":{"line":1272,"column":64}},"line":1272},"103":{"name":"(anonymous_103)","decl":{"start":{"line":1281,"column":18},"end":{"line":1281,"column":19}},"loc":{"start":{"line":1281,"column":29},"end":{"line":1281,"column":61}},"line":1281},"104":{"name":"(anonymous_104)","decl":{"start":{"line":1291,"column":18},"end":{"line":1291,"column":19}},"loc":{"start":{"line":1291,"column":29},"end":{"line":1291,"column":58}},"line":1291},"105":{"name":"(anonymous_105)","decl":{"start":{"line":1301,"column":18},"end":{"line":1301,"column":19}},"loc":{"start":{"line":1301,"column":29},"end":{"line":1317,"column":5}},"line":1301},"106":{"name":"(anonymous_106)","decl":{"start":{"line":1326,"column":18},"end":{"line":1326,"column":19}},"loc":{"start":{"line":1326,"column":29},"end":{"line":1342,"column":5}},"line":1326},"107":{"name":"(anonymous_107)","decl":{"start":{"line":1351,"column":18},"end":{"line":1351,"column":19}},"loc":{"start":{"line":1351,"column":29},"end":{"line":1359,"column":5}},"line":1351},"108":{"name":"(anonymous_108)","decl":{"start":{"line":1368,"column":18},"end":{"line":1368,"column":19}},"loc":{"start":{"line":1368,"column":29},"end":{"line":1368,"column":67}},"line":1368},"109":{"name":"(anonymous_109)","decl":{"start":{"line":1377,"column":18},"end":{"line":1377,"column":19}},"loc":{"start":{"line":1377,"column":29},"end":{"line":1377,"column":72}},"line":1377},"110":{"name":"(anonymous_110)","decl":{"start":{"line":1386,"column":18},"end":{"line":1386,"column":19}},"loc":{"start":{"line":1386,"column":29},"end":{"line":1386,"column":33}},"line":1386},"111":{"name":"(anonymous_111)","decl":{"start":{"line":1396,"column":18},"end":{"line":1396,"column":19}},"loc":{"start":{"line":1396,"column":29},"end":{"line":1396,"column":33}},"line":1396},"112":{"name":"(anonymous_112)","decl":{"start":{"line":1406,"column":18},"end":{"line":1406,"column":19}},"loc":{"start":{"line":1407,"column":6},"end":{"line":1409,"column":7}},"line":1407},"113":{"name":"(anonymous_113)","decl":{"start":{"line":1419,"column":18},"end":{"line":1419,"column":19}},"loc":{"start":{"line":1419,"column":29},"end":{"line":1419,"column":33}},"line":1419},"114":{"name":"(anonymous_114)","decl":{"start":{"line":1429,"column":7},"end":{"line":1429,"column":8}},"loc":{"start":{"line":1429,"column":26},"end":{"line":1429,"column":63}},"line":1429},"115":{"name":"(anonymous_115)","decl":{"start":{"line":1436,"column":18},"end":{"line":1436,"column":19}},"loc":{"start":{"line":1436,"column":29},"end":{"line":1438,"column":5}},"line":1436},"116":{"name":"(anonymous_116)","decl":{"start":{"line":1447,"column":18},"end":{"line":1447,"column":19}},"loc":{"start":{"line":1447,"column":29},"end":{"line":1449,"column":5}},"line":1447},"117":{"name":"(anonymous_117)","decl":{"start":{"line":1457,"column":18},"end":{"line":1457,"column":19}},"loc":{"start":{"line":1457,"column":29},"end":{"line":1459,"column":5}},"line":1457},"118":{"name":"(anonymous_118)","decl":{"start":{"line":1467,"column":18},"end":{"line":1467,"column":19}},"loc":{"start":{"line":1467,"column":29},"end":{"line":1474,"column":5}},"line":1467},"119":{"name":"(anonymous_119)","decl":{"start":{"line":1482,"column":18},"end":{"line":1482,"column":19}},"loc":{"start":{"line":1482,"column":29},"end":{"line":1487,"column":5}},"line":1482},"120":{"name":"(anonymous_120)","decl":{"start":{"line":1497,"column":18},"end":{"line":1497,"column":19}},"loc":{"start":{"line":1497,"column":29},"end":{"line":1497,"column":33}},"line":1497},"121":{"name":"(anonymous_121)","decl":{"start":{"line":1507,"column":18},"end":{"line":1507,"column":19}},"loc":{"start":{"line":1507,"column":29},"end":{"line":1507,"column":33}},"line":1507},"122":{"name":"(anonymous_122)","decl":{"start":{"line":1516,"column":18},"end":{"line":1516,"column":19}},"loc":{"start":{"line":1516,"column":29},"end":{"line":1518,"column":5}},"line":1516},"123":{"name":"(anonymous_123)","decl":{"start":{"line":1527,"column":18},"end":{"line":1527,"column":19}},"loc":{"start":{"line":1527,"column":29},"end":{"line":1539,"column":5}},"line":1527},"124":{"name":"(anonymous_124)","decl":{"start":{"line":1548,"column":18},"end":{"line":1548,"column":19}},"loc":{"start":{"line":1548,"column":29},"end":{"line":1550,"column":5}},"line":1548},"125":{"name":"(anonymous_125)","decl":{"start":{"line":1559,"column":18},"end":{"line":1559,"column":19}},"loc":{"start":{"line":1559,"column":29},"end":{"line":1569,"column":5}},"line":1559},"126":{"name":"(anonymous_126)","decl":{"start":{"line":1578,"column":7},"end":{"line":1578,"column":8}},"loc":{"start":{"line":1578,"column":26},"end":{"line":1578,"column":63}},"line":1578},"127":{"name":"(anonymous_127)","decl":{"start":{"line":1585,"column":18},"end":{"line":1585,"column":19}},"loc":{"start":{"line":1585,"column":29},"end":{"line":1587,"column":5}},"line":1585},"128":{"name":"(anonymous_128)","decl":{"start":{"line":1596,"column":18},"end":{"line":1596,"column":19}},"loc":{"start":{"line":1596,"column":29},"end":{"line":1598,"column":5}},"line":1596},"129":{"name":"(anonymous_129)","decl":{"start":{"line":1607,"column":18},"end":{"line":1607,"column":19}},"loc":{"start":{"line":1607,"column":29},"end":{"line":1609,"column":5}},"line":1607},"130":{"name":"(anonymous_130)","decl":{"start":{"line":1618,"column":18},"end":{"line":1618,"column":19}},"loc":{"start":{"line":1618,"column":29},"end":{"line":1620,"column":5}},"line":1618},"131":{"name":"(anonymous_131)","decl":{"start":{"line":1629,"column":18},"end":{"line":1629,"column":19}},"loc":{"start":{"line":1629,"column":29},"end":{"line":1631,"column":5}},"line":1629},"132":{"name":"(anonymous_132)","decl":{"start":{"line":1639,"column":18},"end":{"line":1639,"column":19}},"loc":{"start":{"line":1639,"column":29},"end":{"line":1641,"column":5}},"line":1639},"133":{"name":"(anonymous_133)","decl":{"start":{"line":1649,"column":18},"end":{"line":1649,"column":19}},"loc":{"start":{"line":1649,"column":29},"end":{"line":1651,"column":5}},"line":1649},"134":{"name":"(anonymous_134)","decl":{"start":{"line":1659,"column":18},"end":{"line":1659,"column":19}},"loc":{"start":{"line":1659,"column":29},"end":{"line":1661,"column":5}},"line":1659},"135":{"name":"(anonymous_135)","decl":{"start":{"line":1669,"column":18},"end":{"line":1669,"column":19}},"loc":{"start":{"line":1669,"column":29},"end":{"line":1671,"column":5}},"line":1669},"136":{"name":"(anonymous_136)","decl":{"start":{"line":1679,"column":18},"end":{"line":1679,"column":19}},"loc":{"start":{"line":1679,"column":29},"end":{"line":1681,"column":5}},"line":1679},"137":{"name":"(anonymous_137)","decl":{"start":{"line":1689,"column":18},"end":{"line":1689,"column":19}},"loc":{"start":{"line":1689,"column":29},"end":{"line":1691,"column":5}},"line":1689},"138":{"name":"(anonymous_138)","decl":{"start":{"line":1699,"column":18},"end":{"line":1699,"column":19}},"loc":{"start":{"line":1699,"column":29},"end":{"line":1701,"column":5}},"line":1699},"139":{"name":"(anonymous_139)","decl":{"start":{"line":1709,"column":18},"end":{"line":1709,"column":19}},"loc":{"start":{"line":1709,"column":29},"end":{"line":1711,"column":5}},"line":1709},"140":{"name":"(anonymous_140)","decl":{"start":{"line":1720,"column":18},"end":{"line":1720,"column":19}},"loc":{"start":{"line":1720,"column":29},"end":{"line":1730,"column":5}},"line":1720},"141":{"name":"(anonymous_141)","decl":{"start":{"line":1739,"column":18},"end":{"line":1739,"column":19}},"loc":{"start":{"line":1739,"column":29},"end":{"line":1749,"column":5}},"line":1739},"142":{"name":"(anonymous_142)","decl":{"start":{"line":1758,"column":18},"end":{"line":1758,"column":19}},"loc":{"start":{"line":1758,"column":29},"end":{"line":1772,"column":5}},"line":1758},"143":{"name":"(anonymous_143)","decl":{"start":{"line":1781,"column":18},"end":{"line":1781,"column":19}},"loc":{"start":{"line":1781,"column":29},"end":{"line":1791,"column":5}},"line":1781},"144":{"name":"(anonymous_144)","decl":{"start":{"line":1800,"column":18},"end":{"line":1800,"column":19}},"loc":{"start":{"line":1800,"column":29},"end":{"line":1802,"column":5}},"line":1800},"145":{"name":"(anonymous_145)","decl":{"start":{"line":1811,"column":18},"end":{"line":1811,"column":19}},"loc":{"start":{"line":1811,"column":29},"end":{"line":1823,"column":5}},"line":1811},"146":{"name":"(anonymous_146)","decl":{"start":{"line":1832,"column":18},"end":{"line":1832,"column":19}},"loc":{"start":{"line":1832,"column":29},"end":{"line":1837,"column":5}},"line":1832},"147":{"name":"(anonymous_147)","decl":{"start":{"line":1847,"column":18},"end":{"line":1847,"column":19}},"loc":{"start":{"line":1847,"column":29},"end":{"line":1852,"column":5}},"line":1847},"148":{"name":"(anonymous_148)","decl":{"start":{"line":1862,"column":18},"end":{"line":1862,"column":19}},"loc":{"start":{"line":1862,"column":29},"end":{"line":1862,"column":33}},"line":1862},"149":{"name":"(anonymous_149)","decl":{"start":{"line":1872,"column":18},"end":{"line":1872,"column":19}},"loc":{"start":{"line":1872,"column":29},"end":{"line":1877,"column":5}},"line":1872},"150":{"name":"(anonymous_150)","decl":{"start":{"line":1887,"column":18},"end":{"line":1887,"column":19}},"loc":{"start":{"line":1887,"column":29},"end":{"line":1892,"column":5}},"line":1887},"151":{"name":"(anonymous_151)","decl":{"start":{"line":1902,"column":18},"end":{"line":1902,"column":19}},"loc":{"start":{"line":1902,"column":29},"end":{"line":1902,"column":33}},"line":1902},"152":{"name":"(anonymous_152)","decl":{"start":{"line":1912,"column":18},"end":{"line":1912,"column":19}},"loc":{"start":{"line":1912,"column":29},"end":{"line":1916,"column":5}},"line":1912},"153":{"name":"(anonymous_153)","decl":{"start":{"line":1926,"column":18},"end":{"line":1926,"column":19}},"loc":{"start":{"line":1926,"column":29},"end":{"line":1930,"column":5}},"line":1926},"154":{"name":"(anonymous_154)","decl":{"start":{"line":1940,"column":18},"end":{"line":1940,"column":19}},"loc":{"start":{"line":1940,"column":29},"end":{"line":1940,"column":33}},"line":1940},"155":{"name":"(anonymous_155)","decl":{"start":{"line":1950,"column":18},"end":{"line":1950,"column":19}},"loc":{"start":{"line":1950,"column":29},"end":{"line":1950,"column":33}},"line":1950},"156":{"name":"(anonymous_156)","decl":{"start":{"line":1959,"column":18},"end":{"line":1959,"column":19}},"loc":{"start":{"line":1959,"column":29},"end":{"line":1959,"column":33}},"line":1959},"157":{"name":"(anonymous_157)","decl":{"start":{"line":1969,"column":18},"end":{"line":1969,"column":19}},"loc":{"start":{"line":1969,"column":29},"end":{"line":1969,"column":33}},"line":1969},"158":{"name":"(anonymous_158)","decl":{"start":{"line":1979,"column":18},"end":{"line":1979,"column":19}},"loc":{"start":{"line":1979,"column":29},"end":{"line":1979,"column":33}},"line":1979},"159":{"name":"(anonymous_159)","decl":{"start":{"line":1989,"column":18},"end":{"line":1989,"column":19}},"loc":{"start":{"line":1989,"column":29},"end":{"line":1989,"column":33}},"line":1989},"160":{"name":"(anonymous_160)","decl":{"start":{"line":1999,"column":7},"end":{"line":1999,"column":8}},"loc":{"start":{"line":1999,"column":26},"end":{"line":1999,"column":63}},"line":1999},"161":{"name":"(anonymous_161)","decl":{"start":{"line":2006,"column":18},"end":{"line":2006,"column":19}},"loc":{"start":{"line":2006,"column":29},"end":{"line":2008,"column":5}},"line":2006},"162":{"name":"(anonymous_162)","decl":{"start":{"line":2017,"column":18},"end":{"line":2017,"column":19}},"loc":{"start":{"line":2017,"column":29},"end":{"line":2019,"column":5}},"line":2017},"163":{"name":"(anonymous_163)","decl":{"start":{"line":2028,"column":18},"end":{"line":2028,"column":19}},"loc":{"start":{"line":2028,"column":29},"end":{"line":2030,"column":5}},"line":2028},"164":{"name":"(anonymous_164)","decl":{"start":{"line":2038,"column":18},"end":{"line":2038,"column":19}},"loc":{"start":{"line":2038,"column":29},"end":{"line":2040,"column":5}},"line":2038},"165":{"name":"(anonymous_165)","decl":{"start":{"line":2049,"column":18},"end":{"line":2049,"column":19}},"loc":{"start":{"line":2049,"column":29},"end":{"line":2054,"column":5}},"line":2049},"166":{"name":"(anonymous_166)","decl":{"start":{"line":2064,"column":18},"end":{"line":2064,"column":19}},"loc":{"start":{"line":2064,"column":29},"end":{"line":2069,"column":5}},"line":2064},"167":{"name":"(anonymous_167)","decl":{"start":{"line":2079,"column":18},"end":{"line":2079,"column":19}},"loc":{"start":{"line":2079,"column":29},"end":{"line":2084,"column":5}},"line":2079},"168":{"name":"(anonymous_168)","decl":{"start":{"line":2094,"column":18},"end":{"line":2094,"column":19}},"loc":{"start":{"line":2094,"column":29},"end":{"line":2099,"column":5}},"line":2094},"169":{"name":"(anonymous_169)","decl":{"start":{"line":2109,"column":18},"end":{"line":2109,"column":19}},"loc":{"start":{"line":2109,"column":29},"end":{"line":2109,"column":33}},"line":2109},"170":{"name":"(anonymous_170)","decl":{"start":{"line":2118,"column":18},"end":{"line":2118,"column":19}},"loc":{"start":{"line":2118,"column":29},"end":{"line":2118,"column":33}},"line":2118},"171":{"name":"(anonymous_171)","decl":{"start":{"line":2127,"column":18},"end":{"line":2127,"column":19}},"loc":{"start":{"line":2127,"column":29},"end":{"line":2127,"column":33}},"line":2127},"172":{"name":"(anonymous_172)","decl":{"start":{"line":2136,"column":18},"end":{"line":2136,"column":19}},"loc":{"start":{"line":2136,"column":29},"end":{"line":2136,"column":33}},"line":2136},"173":{"name":"(anonymous_173)","decl":{"start":{"line":2145,"column":18},"end":{"line":2145,"column":19}},"loc":{"start":{"line":2145,"column":29},"end":{"line":2145,"column":33}},"line":2145},"174":{"name":"(anonymous_174)","decl":{"start":{"line":2154,"column":18},"end":{"line":2154,"column":19}},"loc":{"start":{"line":2154,"column":29},"end":{"line":2154,"column":33}},"line":2154},"175":{"name":"(anonymous_175)","decl":{"start":{"line":2163,"column":18},"end":{"line":2163,"column":19}},"loc":{"start":{"line":2163,"column":29},"end":{"line":2165,"column":5}},"line":2163},"176":{"name":"(anonymous_176)","decl":{"start":{"line":2174,"column":18},"end":{"line":2174,"column":19}},"loc":{"start":{"line":2174,"column":29},"end":{"line":2181,"column":5}},"line":2174},"177":{"name":"(anonymous_177)","decl":{"start":{"line":2190,"column":18},"end":{"line":2190,"column":19}},"loc":{"start":{"line":2190,"column":29},"end":{"line":2194,"column":5}},"line":2190},"178":{"name":"(anonymous_178)","decl":{"start":{"line":2203,"column":18},"end":{"line":2203,"column":19}},"loc":{"start":{"line":2203,"column":29},"end":{"line":2210,"column":5}},"line":2203},"179":{"name":"(anonymous_179)","decl":{"start":{"line":2218,"column":18},"end":{"line":2218,"column":19}},"loc":{"start":{"line":2218,"column":29},"end":{"line":2220,"column":5}},"line":2218},"180":{"name":"(anonymous_180)","decl":{"start":{"line":2230,"column":7},"end":{"line":2230,"column":8}},"loc":{"start":{"line":2230,"column":26},"end":{"line":2230,"column":63}},"line":2230},"181":{"name":"(anonymous_181)","decl":{"start":{"line":2237,"column":18},"end":{"line":2237,"column":19}},"loc":{"start":{"line":2237,"column":29},"end":{"line":2237,"column":33}},"line":2237},"182":{"name":"(anonymous_182)","decl":{"start":{"line":2246,"column":18},"end":{"line":2246,"column":19}},"loc":{"start":{"line":2246,"column":29},"end":{"line":2246,"column":33}},"line":2246},"183":{"name":"(anonymous_183)","decl":{"start":{"line":2255,"column":18},"end":{"line":2255,"column":19}},"loc":{"start":{"line":2255,"column":29},"end":{"line":2255,"column":33}},"line":2255},"184":{"name":"(anonymous_184)","decl":{"start":{"line":2266,"column":9},"end":{"line":2266,"column":10}},"loc":{"start":{"line":2266,"column":28},"end":{"line":2266,"column":65}},"line":2266},"185":{"name":"(anonymous_185)","decl":{"start":{"line":2281,"column":7},"end":{"line":2281,"column":8}},"loc":{"start":{"line":2281,"column":26},"end":{"line":2281,"column":63}},"line":2281}},"branchMap":{"0":{"loc":{"start":{"line":133,"column":6},"end":{"line":135,"column":null}},"type":"if","locations":[{"start":{"line":133,"column":6},"end":{"line":135,"column":null}},{"start":{},"end":{}}],"line":133},"1":{"loc":{"start":{"line":148,"column":6},"end":{"line":150,"column":null}},"type":"if","locations":[{"start":{"line":148,"column":6},"end":{"line":150,"column":null}},{"start":{},"end":{}}],"line":148},"2":{"loc":{"start":{"line":163,"column":6},"end":{"line":165,"column":null}},"type":"if","locations":[{"start":{"line":163,"column":6},"end":{"line":165,"column":null}},{"start":{},"end":{}}],"line":163},"3":{"loc":{"start":{"line":199,"column":6},"end":{"line":201,"column":null}},"type":"if","locations":[{"start":{"line":199,"column":6},"end":{"line":201,"column":null}},{"start":{},"end":{}}],"line":199},"4":{"loc":{"start":{"line":202,"column":6},"end":{"line":204,"column":null}},"type":"if","locations":[{"start":{"line":202,"column":6},"end":{"line":204,"column":null}},{"start":{},"end":{}}],"line":202},"5":{"loc":{"start":{"line":208,"column":8},"end":{"line":208,"column":null}},"type":"binary-expr","locations":[{"start":{"line":208,"column":8},"end":{"line":208,"column":40}},{"start":{"line":208,"column":44},"end":{"line":208,"column":null}}],"line":208},"6":{"loc":{"start":{"line":231,"column":6},"end":{"line":233,"column":null}},"type":"if","locations":[{"start":{"line":231,"column":6},"end":{"line":233,"column":null}},{"start":{},"end":{}}],"line":231},"7":{"loc":{"start":{"line":234,"column":6},"end":{"line":236,"column":null}},"type":"if","locations":[{"start":{"line":234,"column":6},"end":{"line":236,"column":null}},{"start":{},"end":{}}],"line":234},"8":{"loc":{"start":{"line":239,"column":13},"end":{"line":239,"column":75}},"type":"binary-expr","locations":[{"start":{"line":239,"column":13},"end":{"line":239,"column":42}},{"start":{"line":239,"column":46},"end":{"line":239,"column":75}}],"line":239},"9":{"loc":{"start":{"line":251,"column":8},"end":{"line":254,"column":null}},"type":"binary-expr","locations":[{"start":{"line":251,"column":8},"end":{"line":251,"column":47}},{"start":{"line":252,"column":8},"end":{"line":252,"column":46}},{"start":{"line":253,"column":8},"end":{"line":253,"column":29}},{"start":{"line":254,"column":8},"end":{"line":254,"column":null}}],"line":251},"10":{"loc":{"start":{"line":266,"column":8},"end":{"line":266,"column":null}},"type":"binary-expr","locations":[{"start":{"line":266,"column":8},"end":{"line":266,"column":42}},{"start":{"line":266,"column":46},"end":{"line":266,"column":null}}],"line":266},"11":{"loc":{"start":{"line":280,"column":8},"end":{"line":280,"column":null}},"type":"binary-expr","locations":[{"start":{"line":280,"column":8},"end":{"line":280,"column":42}},{"start":{"line":280,"column":46},"end":{"line":280,"column":null}}],"line":280},"12":{"loc":{"start":{"line":351,"column":8},"end":{"line":351,"column":null}},"type":"if","locations":[{"start":{"line":351,"column":8},"end":{"line":351,"column":null}},{"start":{},"end":{}}],"line":351},"13":{"loc":{"start":{"line":363,"column":26},"end":{"line":363,"column":63}},"type":"cond-expr","locations":[{"start":{"line":363,"column":43},"end":{"line":363,"column":55}},{"start":{"line":363,"column":58},"end":{"line":363,"column":63}}],"line":363},"14":{"loc":{"start":{"line":483,"column":13},"end":{"line":483,"column":59}},"type":"binary-expr","locations":[{"start":{"line":483,"column":13},"end":{"line":483,"column":34}},{"start":{"line":483,"column":38},"end":{"line":483,"column":59}}],"line":483},"15":{"loc":{"start":{"line":494,"column":8},"end":{"line":497,"column":null}},"type":"binary-expr","locations":[{"start":{"line":494,"column":8},"end":{"line":494,"column":47}},{"start":{"line":495,"column":8},"end":{"line":495,"column":46}},{"start":{"line":496,"column":8},"end":{"line":496,"column":29}},{"start":{"line":497,"column":8},"end":{"line":497,"column":null}}],"line":494},"16":{"loc":{"start":{"line":519,"column":6},"end":{"line":521,"column":null}},"type":"if","locations":[{"start":{"line":519,"column":6},"end":{"line":521,"column":null}},{"start":{},"end":{}}],"line":519},"17":{"loc":{"start":{"line":522,"column":6},"end":{"line":524,"column":null}},"type":"if","locations":[{"start":{"line":522,"column":6},"end":{"line":524,"column":null}},{"start":{},"end":{}}],"line":522},"18":{"loc":{"start":{"line":528,"column":8},"end":{"line":528,"column":null}},"type":"binary-expr","locations":[{"start":{"line":528,"column":8},"end":{"line":528,"column":40}},{"start":{"line":528,"column":44},"end":{"line":528,"column":null}}],"line":528},"19":{"loc":{"start":{"line":551,"column":6},"end":{"line":553,"column":null}},"type":"if","locations":[{"start":{"line":551,"column":6},"end":{"line":553,"column":null}},{"start":{},"end":{}}],"line":551},"20":{"loc":{"start":{"line":554,"column":6},"end":{"line":556,"column":null}},"type":"if","locations":[{"start":{"line":554,"column":6},"end":{"line":556,"column":null}},{"start":{},"end":{}}],"line":554},"21":{"loc":{"start":{"line":559,"column":13},"end":{"line":559,"column":75}},"type":"binary-expr","locations":[{"start":{"line":559,"column":13},"end":{"line":559,"column":42}},{"start":{"line":559,"column":46},"end":{"line":559,"column":75}}],"line":559},"22":{"loc":{"start":{"line":580,"column":6},"end":{"line":582,"column":null}},"type":"if","locations":[{"start":{"line":580,"column":6},"end":{"line":582,"column":null}},{"start":{},"end":{}}],"line":580},"23":{"loc":{"start":{"line":595,"column":6},"end":{"line":597,"column":null}},"type":"if","locations":[{"start":{"line":595,"column":6},"end":{"line":597,"column":null}},{"start":{},"end":{}}],"line":595},"24":{"loc":{"start":{"line":611,"column":8},"end":{"line":611,"column":null}},"type":"binary-expr","locations":[{"start":{"line":611,"column":8},"end":{"line":611,"column":42}},{"start":{"line":611,"column":46},"end":{"line":611,"column":null}}],"line":611},"25":{"loc":{"start":{"line":625,"column":8},"end":{"line":625,"column":null}},"type":"binary-expr","locations":[{"start":{"line":625,"column":8},"end":{"line":625,"column":42}},{"start":{"line":625,"column":46},"end":{"line":625,"column":null}}],"line":625},"26":{"loc":{"start":{"line":674,"column":6},"end":{"line":676,"column":null}},"type":"if","locations":[{"start":{"line":674,"column":6},"end":{"line":676,"column":null}},{"start":{},"end":{}}],"line":674},"27":{"loc":{"start":{"line":689,"column":6},"end":{"line":691,"column":null}},"type":"if","locations":[{"start":{"line":689,"column":6},"end":{"line":691,"column":null}},{"start":{},"end":{}}],"line":689},"28":{"loc":{"start":{"line":704,"column":6},"end":{"line":706,"column":null}},"type":"if","locations":[{"start":{"line":704,"column":6},"end":{"line":706,"column":null}},{"start":{},"end":{}}],"line":704},"29":{"loc":{"start":{"line":719,"column":6},"end":{"line":721,"column":null}},"type":"if","locations":[{"start":{"line":719,"column":6},"end":{"line":721,"column":null}},{"start":{},"end":{}}],"line":719},"30":{"loc":{"start":{"line":747,"column":8},"end":{"line":747,"column":null}},"type":"if","locations":[{"start":{"line":747,"column":8},"end":{"line":747,"column":null}},{"start":{},"end":{}}],"line":747},"31":{"loc":{"start":{"line":840,"column":26},"end":{"line":840,"column":63}},"type":"cond-expr","locations":[{"start":{"line":840,"column":43},"end":{"line":840,"column":55}},{"start":{"line":840,"column":58},"end":{"line":840,"column":63}}],"line":840},"32":{"loc":{"start":{"line":985,"column":6},"end":{"line":987,"column":null}},"type":"if","locations":[{"start":{"line":985,"column":6},"end":{"line":987,"column":null}},{"start":{},"end":{}}],"line":985},"33":{"loc":{"start":{"line":1000,"column":6},"end":{"line":1002,"column":null}},"type":"if","locations":[{"start":{"line":1000,"column":6},"end":{"line":1002,"column":null}},{"start":{},"end":{}}],"line":1000},"34":{"loc":{"start":{"line":1015,"column":6},"end":{"line":1017,"column":null}},"type":"if","locations":[{"start":{"line":1015,"column":6},"end":{"line":1017,"column":null}},{"start":{},"end":{}}],"line":1015},"35":{"loc":{"start":{"line":1054,"column":8},"end":{"line":1055,"column":null}},"type":"binary-expr","locations":[{"start":{"line":1054,"column":8},"end":{"line":1054,"column":49}},{"start":{"line":1055,"column":8},"end":{"line":1055,"column":null}}],"line":1054},"36":{"loc":{"start":{"line":1069,"column":8},"end":{"line":1070,"column":null}},"type":"binary-expr","locations":[{"start":{"line":1069,"column":8},"end":{"line":1069,"column":68}},{"start":{"line":1070,"column":8},"end":{"line":1070,"column":null}}],"line":1069},"37":{"loc":{"start":{"line":1084,"column":8},"end":{"line":1086,"column":null}},"type":"binary-expr","locations":[{"start":{"line":1084,"column":8},"end":{"line":1086,"column":9}},{"start":{"line":1086,"column":13},"end":{"line":1086,"column":null}}],"line":1084},"38":{"loc":{"start":{"line":1111,"column":8},"end":{"line":1114,"column":null}},"type":"binary-expr","locations":[{"start":{"line":1111,"column":8},"end":{"line":1111,"column":67}},{"start":{"line":1112,"column":9},"end":{"line":1112,"column":41}},{"start":{"line":1113,"column":10},"end":{"line":1113,"column":42}},{"start":{"line":1114,"column":8},"end":{"line":1114,"column":null}}],"line":1111},"39":{"loc":{"start":{"line":1137,"column":8},"end":{"line":1139,"column":null}},"type":"binary-expr","locations":[{"start":{"line":1137,"column":8},"end":{"line":1139,"column":9}},{"start":{"line":1139,"column":13},"end":{"line":1139,"column":null}}],"line":1137},"40":{"loc":{"start":{"line":1305,"column":8},"end":{"line":1307,"column":null}},"type":"if","locations":[{"start":{"line":1305,"column":8},"end":{"line":1307,"column":null}},{"start":{},"end":{}}],"line":1305},"41":{"loc":{"start":{"line":1310,"column":10},"end":{"line":1312,"column":null}},"type":"binary-expr","locations":[{"start":{"line":1310,"column":10},"end":{"line":1310,"column":33}},{"start":{"line":1311,"column":10},"end":{"line":1311,"column":40}},{"start":{"line":1312,"column":10},"end":{"line":1312,"column":null}}],"line":1310},"42":{"loc":{"start":{"line":1330,"column":8},"end":{"line":1332,"column":null}},"type":"if","locations":[{"start":{"line":1330,"column":8},"end":{"line":1332,"column":null}},{"start":{},"end":{}}],"line":1330},"43":{"loc":{"start":{"line":1335,"column":10},"end":{"line":1337,"column":null}},"type":"binary-expr","locations":[{"start":{"line":1335,"column":10},"end":{"line":1335,"column":33}},{"start":{"line":1336,"column":10},"end":{"line":1336,"column":40}},{"start":{"line":1337,"column":10},"end":{"line":1337,"column":null}}],"line":1335},"44":{"loc":{"start":{"line":1353,"column":6},"end":{"line":1355,"column":null}},"type":"if","locations":[{"start":{"line":1353,"column":6},"end":{"line":1355,"column":null}},{"start":{},"end":{}}],"line":1353},"45":{"loc":{"start":{"line":1429,"column":26},"end":{"line":1429,"column":63}},"type":"cond-expr","locations":[{"start":{"line":1429,"column":43},"end":{"line":1429,"column":55}},{"start":{"line":1429,"column":58},"end":{"line":1429,"column":63}}],"line":1429},"46":{"loc":{"start":{"line":1469,"column":8},"end":{"line":1472,"column":null}},"type":"binary-expr","locations":[{"start":{"line":1469,"column":8},"end":{"line":1469,"column":47}},{"start":{"line":1470,"column":8},"end":{"line":1470,"column":46}},{"start":{"line":1471,"column":8},"end":{"line":1471,"column":29}},{"start":{"line":1472,"column":8},"end":{"line":1472,"column":null}}],"line":1469},"47":{"loc":{"start":{"line":1483,"column":6},"end":{"line":1485,"column":null}},"type":"if","locations":[{"start":{"line":1483,"column":6},"end":{"line":1485,"column":null}},{"start":{},"end":{}}],"line":1483},"48":{"loc":{"start":{"line":1528,"column":6},"end":{"line":1530,"column":null}},"type":"if","locations":[{"start":{"line":1528,"column":6},"end":{"line":1530,"column":null}},{"start":{},"end":{}}],"line":1528},"49":{"loc":{"start":{"line":1531,"column":6},"end":{"line":1533,"column":null}},"type":"if","locations":[{"start":{"line":1531,"column":6},"end":{"line":1533,"column":null}},{"start":{},"end":{}}],"line":1531},"50":{"loc":{"start":{"line":1537,"column":8},"end":{"line":1537,"column":null}},"type":"binary-expr","locations":[{"start":{"line":1537,"column":8},"end":{"line":1537,"column":40}},{"start":{"line":1537,"column":44},"end":{"line":1537,"column":null}}],"line":1537},"51":{"loc":{"start":{"line":1560,"column":6},"end":{"line":1562,"column":null}},"type":"if","locations":[{"start"
[...]
":125,"b:201:2:202:Infinity:undefined:undefined:undefined:undefined":112,"s:201:2:202:Infinity":126,"b:201:6:201:37:201:41:201:70":113,"f:201:27:201:28":29,"s:201:34:201:36":127,"f:201:60:201:61":30,"s:201:67:201:69":128,"s:202:4:202:Infinity":129,"s:203:2:210:Infinity":130,"f:213:9:213:15":31,"s:214:2:214:Infinity":131,"f:214:19:214:20":32,"s:214:26:214:30":132,"f:217:9:217:26":33,"s:218:2:218:Infinity":133,"b:218:10:218:11:218:15:218:26":114,"f:221:9:221:25":34,"b:222:2:222:Infinity:undefined:undefined:undefined:undefined":115,"s:222:2:222:Infinity":134,"b:222:6:222:11:222:15:222:45":116,"s:222:47:222:Infinity":135,"s:223:17:225:16":136,"b:223:18:223:29:223:33:223:35":117,"f:224:9:224:10":35,"s:224:16:224:42":137,"s:226:10:226:59":138,"b:227:2:229:Infinity:undefined:undefined:undefined:undefined":118,"s:227:2:229:Infinity":139,"s:228:4:228:Infinity":140,"s:230:2:230:Infinity":141,"f:233:9:233:25":36,"b:234:2:234:Infinity:undefined:undefined:undefined:undefined":119,"s:234:2:234:Infinity":142,"b:234:6:234:8:234:12:234:42":120,"s:234:44:234:Infinity":143,"s:235:17:237:16":144,"b:235:18:235:26:235:30:235:32":121,"f:236:9:236:10":37,"s:236:16:236:48":145,"s:238:2:238:Infinity":146,"s:241:36:948:1":147,"f:241:36:241:Infinity":38,"b:243:13:243:24":122,"s:246:12:246:30":148,"s:247:11:247:13":149,"s:248:13:248:15":150,"s:250:2:945:Infinity":151,"s:251:17:251:32":152,"s:252:25:252:45":153,"s:254:6:254:70":154,"b:254:26:254:60:254:63:254:70":123,"s:255:22:255:46":155,"s:257:6:259:12":156,"b:258:10:258:Infinity:259:10:259:12":124,"b:262:6:769:Infinity:770:6:836:Infinity:837:6:911:Infinity:912:6:941:Infinity:942:6:943:Infinity":125,"s:261:4:944:Infinity":157,"b:263:8:266:Infinity:undefined:undefined:undefined:undefined":126,"s:263:8:266:Infinity":158,"b:263:12:263:29:263:33:263:44:263:48:263:58":127,"s:264:10:264:Infinity":159,"s:265:10:265:Infinity":160,"b:267:8:270:Infinity:undefined:undefined:undefined:undefined":128,"s:267:8:270:Infinity":161,"b:267:12:267:29:267:33:267:42:267:46:267:58":129,"s:268:10:268:Infinity":162,"s:269:10:269:Infinity":163,"b:272:8:766:Infinity:undefined:undefined:undefined:undefined":130,"s:272:8:766:Infinity":164,"s:273:28:273:35":165,"b:275:10:560:Infinity:undefined:undefined:undefined:undefined":131,"s:275:10:560:Infinity":166,"s:276:31:279:13":167,"s:280:31:283:13":168,"s:285:29:285:36":169,"b:287:12:310:Infinity:undefined:undefined:undefined:undefined":132,"s:287:12:310:Infinity":170,"b:288:14:297:Infinity:undefined:undefined:undefined:undefined":133,"s:288:14:297:Infinity":171,"b:288:18:288:29:288:33:288:43":134,"s:289:16:289:Infinity":172,"s:291:18:295:96":173,"b:292:22:292:Infinity:293:22:295:96":135,"b:294:24:294:Infinity:295:24:295:96":136,"s:296:16:296:Infinity":174,"b:298:14:309:Infinity:undefined:undefined:undefined:undefined":137,"s:298:14:309:Infinity":175,"b:298:18:298:27:298:31:298:43":138,"s:300:18:304:94":176,"b:301:22:301:Infinity:302:22:304:94":139,"b:303:24:303:Infinity:304:24:304:94":140,"s:305:16:305:Infinity":177,"s:306:16:308:Infinity":178,"b:313:14:340:Infinity:342:14:361:Infinity:363:14:387:Infinity:389:14:403:Infinity:405:14:422:Infinity:424:14:443:Infinity:445:14:476:Infinity:478:14:495:Infinity:497:14:511:Infinity:513:14:527:Infinity:529:14:555:Infinity:557:14:558:Infinity":141,"s:312:12:559:Infinity":179,"b:314:16:316:Infinity:undefined:undefined:undefined:undefined":142,"s:314:16:316:Infinity":180,"s:315:18:315:Infinity":181,"b:317:16:338:Infinity:324:23:338:Infinity":143,"s:317:16:338:Infinity":182,"b:317:20:317:41:317:45:317:68":144,"s:318:18:320:Infinity":183,"s:321:18:323:Infinity":184,"b:324:23:338:Infinity:331:23:338:Infinity":145,"s:324:23:338:Infinity":185,"s:325:18:327:Infinity":186,"s:328:18:330:Infinity":187,"s:332:18:334:Infinity":188,"s:335:18:337:Infinity":189,"s:339:16:339:Infinity":190,"b:343:16:359:Infinity:345:23:359:Infinity":146,"s:343:16:359:Infinity":191,"s:344:18:344:Infinity":192,"s:347:20:351:121":193,"b:348:24:349:Infinity:350:24:351:121":147,"b:347:20:347:41:347:45:347:Infinity":148,"f:348:24:348:25":39,"s:349:26:349:Infinity":194,"b:349:100:349:111:349:114:349:116":149,"f:350:24:350:25":40,"s:351:26:351:121":195,"b:351:86:351:100:351:103:351:118":150,"b:352:18:358:Infinity:355:25:358:Infinity":151,"s:352:18:358:Infinity":196,"s:353:20:353:Infinity":197,"s:354:20:354:Infinity":198,"s:356:20:356:Infinity":199,"s:357:20:357:Infinity":200,"s:360:16:360:Infinity":201,"s:364:31:368:19":202,"f:364:31:364:32":41,"s:365:17:368:19":203,"b:366:40:366:50:366:54:366:63":152,"b:369:16:385:Infinity:376:23:385:Infinity":153,"s:369:16:385:Infinity":204,"b:369:20:369:37:369:41:369:57":154,"s:370:18:372:Infinity":205,"s:373:18:375:Infinity":206,"s:377:18:379:Infinity":207,"b:380:18:384:Infinity:undefined:undefined:undefined:undefined":155,"s:380:18:384:Infinity":208,"b:380:22:380:41:380:45:380:63":156,"s:381:20:383:Infinity":209,"s:386:16:386:Infinity":210,"s:390:27:390:56":211,"b:391:16:401:Infinity:396:23:401:Infinity":157,"s:391:16:401:Infinity":212,"b:391:20:391:29:391:33:391:49":158,"s:392:18:394:Infinity":213,"s:395:18:395:Infinity":214,"s:397:18:397:Infinity":215,"s:398:18:400:Infinity":216,"s:402:16:402:Infinity":217,"b:406:16:420:Infinity:413:23:420:Infinity":159,"s:406:16:420:Infinity":218,"s:407:18:409:Infinity":219,"s:410:18:412:Infinity":220,"s:414:18:416:Infinity":221,"s:417:18:419:Infinity":222,"s:421:16:421:Infinity":223,"b:425:16:425:Infinity:undefined:undefined:undefined:undefined":160,"s:425:16:425:Infinity":224,"s:425:46:425:Infinity":225,"b:427:16:441:Infinity:434:23:441:Infinity":161,"s:427:16:441:Infinity":226,"s:428:18:430:Infinity":227,"s:431:18:433:Infinity":228,"s:435:18:437:Infinity":229,"s:438:18:440:Infinity":230,"s:442:16:442:Infinity":231,"b:446:16:474:Infinity:453:23:474:Infinity":162,"s:446:16:474:Infinity":232,"b:446:20:446:41:446:45:446:68":163,"s:447:18:449:Infinity":233,"b:448:120:448:129:448:133:448:135":164,"s:450:18:452:Infinity":234,"b:451:120:451:131:451:135:451:137":165,"b:453:23:474:Infinity:460:23:474:Infinity":166,"s:453:23:474:Infinity":235,"s:454:18:456:Infinity":236,"b:455:105:455:114:455:118:455:120":167,"s:457:18:459:Infinity":237,"b:458:105:458:116:458:120:458:122":168,"b:460:23:474:Infinity:467:23:474:Infinity":169,"s:460:23:474:Infinity":238,"s:461:18:463:Infinity":239,"b:462:46:462:55:462:59:462:61":170,"s:464:18:466:Infinity":240,"b:465:46:465:57:465:61:465:63":171,"s:468:18:470:Infinity":241,"b:469:93:469:102:469:106:469:108":172,"s:471:18:473:Infinity":242,"b:472:93:472:104:472:108:472:110":173,"s:475:16:475:Infinity":243,"b:479:16:493:Infinity:486:23:493:Infinity":174,"s:479:16:493:Infinity":244,"s:480:18:482:Infinity":245,"s:483:18:485:Infinity":246,"s:487:18:489:Infinity":247,"s:490:18:492:Infinity":248,"s:494:16:494:Infinity":249,"s:498:27:498:57":250,"b:499:16:509:Infinity:504:23:509:Infinity":175,"s:499:16:509:Infinity":251,"s:500:18:502:Infinity":252,"s:503:18:503:Infinity":253,"s:505:18:505:Infinity":254,"s:506:18:508:Infinity":255,"s:510:16:510:Infinity":256,"s:514:27:514:41":257,"b:515:16:525:Infinity:520:23:525:Infinity":176,"s:515:16:525:Infinity":258,"s:516:18:518:Infinity":259,"s:519:18:519:Infinity":260,"s:521:18:521:Infinity":261,"s:522:18:524:Infinity":262,"s:526:16:526:Infinity":263,"b:530:16:530:Infinity:undefined:undefined:undefined:undefined":177,"s:530:16:530:Infinity":264,"s:530:44:530:Infinity":265,"b:532:16:553:Infinity:539:23:553:Infinity":178,"s:532:16:553:Infinity":266,"b:532:20:532:41:532:45:532:68":179,"s:533:18:535:Infinity":267,"s:536:18:538:Infinity":268,"b:539:23:553:Infinity:546:23:553:Infinity":180,"s:539:23:553:Infinity":269,"s:540:18:542:Infinity":270,"s:543:18:545:Infinity":271,"s:547:18:549:Infinity":272,"s:550:18:552:Infinity":273,"s:554:16:554:Infinity":274,"s:558:16:558:Infinity":275,"b:562:10:636:Infinity:undefined:undefined:undefined:undefined":181,"s:562:10:636:Infinity":276,"s:563:29:563:36":277,"s:564:30:564:78":278,"f:564:30:564:31":42,"s:564:39:564:78":279,"b:564:40:564:43:564:47:564:49":182,"f:564:55:564:56":43,"s:564:62:564:66":280,"b:566:12:591:Infinity:undefined:undefined:undefined:undefined":183,"s:566:12:591:Infinity":281,"b:567:14:578:Infinity:undefined:undefined:undefined:undefined":184,"s:567:14:578:Infinity":282,"b:567:18:567:29:567:33:567:43":185,"s:569:18:571:58":283,"b:570:22:570:Infinity:571:22:571:58":186,"b:569:18:569:39:569:43:569:Infinity":187,"s:572:16:572:Infinity":284,"s:574:18:574:64":285,"b:574:43:574:59:574:62:574:64":188,"s:575:16:577:Infinity":286,"b:576:49:576:58:576:61:576:63":189,"b:579:14:590:Infinity:undefined:undefined:undefined:undefined":190,"s:579:14:590:Infinity":287,"b:579:18:579:27:579:31:579:43":191,"s:581:18:581:64":288,"b:581:43:581:59:581:62:581:64":192,"s:582:16:584:Infinity":289,"b:583:47:583:56:583:59:583:61":193,"s:586:18:588:56":290,"b:587:22:587:Infinity:588:22:588:56":194,"b:586:18:586:39:586:43:586:Infinity":195,"s:589:16:589:Infinity":291,"b:593:12:609:Infinity:undefined:undefined:undefined:undefined":196,"s:593:12:609:Infinity":292,"b:594:14:608:Infinity:601:21:608:Infinity":197,"s:594:14:608:Infinity":293,"b:594:18:594:42:594:46:594:71":198,"s:595:16:597:Infinity":294,"s:598:16:600:Infinity":295,"s:602:16:604:Infinity":296,"s:605:16:607:Infinity":297,"b:611:12:635:Infinity:undefined:undefined:undefined:undefined":199,"s:611:12:635:Infinity":298,"s:612:25:612:51":299,"s:614:16:616:22":300,"b:615:20:615:Infinity:616:20:616:22":200,"b:617:14:634:Infinity:undefined:undefined:undefined:undefined":201,"s:617:14:634:Infinity":301,"b:618:16:618:25:619:16:619:42:620:16:620:Infinity":202,"s:623:18:625:51":302,"b:624:22:624:Infinity:625:22:625:51":203,"b:623:18:623:39:623:43:623:Infinity":204,"s:627:18:627:64":303,"b:627:43:627:59:627:62:627:64":205,"s:628:33:629:123":304,"f:628:33:628:34":44,"s:629:18:629:123":305,"b:628:48:628:53":206,"b:629:37:629:46:629:49:629:51":207,"s:630:16:630:Infinity":306,"s:631:16:631:Infinity":307,"s:632:16:632:Infinity":308,"s:633:16:633:Infinity":309,"b:638:10:696:Infinity:undefined:undefined:undefined:undefined":208,"s:638:10:696:Infinity":310,"s:639:29:639:36":311,"s:640:29:640:77":312,"f:640:29:640:30":45,"s:640:38:640:77":313,"b:640:39:640:42:640:46:640:48":209,"f:640:54:640:55":46,"s:640:61:640:65":314,"s:641:26:644:99":315,"f:641:26:641:27":47,"s:642:14:644:99":316,"b:643:18:643:Infinity:644:18:644:99":210,"s:645:27:648:71":317,"f:645:27:645:28":48,"s:646:14:648:71":318,"b:647:18:647:Infinity:648:18:648:71":211,"b:650:12:659:Infinity:undefined:undefined:undefined:undefined":212,"s:650:12:659:Infinity":319,"b:651:14:654:Infinity:undefined:undefined:undefined:undefined":213,"s:651:14:654:Infinity":320,"b:651:18:651:27:651:31:651:43":214,"s:652:16:652:Infinity":321,"s:653:16:653:Infinity":322,"b:655:14:658:Infinity:undefined:undefined:undefined:undefined":215,"s:655:14:658:Infinity":323,"b:655:18:655:29:655:33:655:43":216,"s:656:16:656:Infinity":324,"s:657:16:657:Infinity":325,"b:661:12:677:Infinity:undefined:undefined:undefined:undefined":217,"s:661:12:677:Infinity":326,"b:662:14:676:Infinity:669:21:676:Infinity":218,"s:662:14:676:Infinity":327,"b:662:18:662:42:662:46:662:71":219,"s:663:16:665:Infinity":328,"s:666:16:668:Infinity":329,"s:670:16:672:Infinity":330,"s:673:16:675:Infinity":331,"b:679:12:695:Infinity:undefined:undefined:undefined:undefined":220,"s:679:12:695:Infinity":332,"s:680:25:680:51":333,"s:682:16:684:22":334,"b:683:20:683:Infinity:684:20:684:22":221,"b:685:14:694:Infinity:undefined:undefined:undefined:undefined":222,"s:685:14:694:Infinity":335,"b:686:16:686:30:687:16:687:42:688:16:688:Infinity":223,"s:690:16:690:Infinity":336,"s:691:16:691:Infinity":337,"s:692:16:692:Infinity":338,"s:693:16:693:Infinity":339,"b:698:10:716:Infinity:undefined:undefined:undefined:undefined":224,"s:698:10:716:Infinity":340,"b:698:14:698:38:698:42:698:63":225,"b:699:12:699:Infinity:undefined:undefined:undefined:undefined":226,"s:699:12:699:Infinity":341,"s:699:42:699:Infinity":342,"s:701:27:701:51":343,"b:701:27:701:36:701:40:701:51":227,"b:702:12:715:Infinity:undefined:undefined:undefined:undefined":228,"s:702:12:715:Infinity":344,"b:703:14:714:Infinity:706:21:714:Infinity":229,"s:703:14:714:Infinity":345,"b:703:18:703:27:703:31:703:43":230,"s:704:16:704:Infinity":346,"s:705:16:705:Infinity":347,"b:706:21:714:Infinity:709:21:714:Infinity":231,"s:706:21:714:Infinity":348,"b:706:25:706:36:706:40:706:50":232,"s:707:16:707:Infinity":349,"s:708:16:708:Infinity":350,"b:709:21:714:Infinity:undefined:undefined:undefined:undefined":233,"s:709:21:714:Infinity":351,"b:709:25:709:36:709:40:709:49":234,"s:710:16:710:Infinity":352,"s:711:16:711:Infinity":353,"s:712:16:712:Infinity":354,"s:713:16:713:Infinity":355,"b:718:10:748:Infinity:undefined:undefined:undefined:undefined":235,"s:718:10:748:Infinity":356,"b:719:12:747:Infinity:726:19:747:Infinity":236,"s:719:12:747:Infinity":357,"b:719:16:719:40:719:44:719:69":237,"s:720:14:722:Infinity":358,"b:721:71:721:80:721:84:721:86":238,"s:723:14:725:Infinity":359,"b:724:71:724:82:724:86:724:88":239,"b:726:19:747:Infinity:733:19:747:Infinity":240,"s:726:19:747:Infinity":360,"b:726:23:726:44:726:48:726:71":241,"s:727:14:729:Infinity":361,"b:728:71:728:80:728:84:728:86":242,"s:730:14:732:Infinity":362,"b:731:71:731:82:731:86:731:88":243,"b:733:19:747:Infinity:740:19:747:Infinity":244,"s:733:19:747:Infinity":363,"s:734:14:736:Infinity":364,"b:735:101:735:110:735:114:735:116":245,"s:737:14:739:Infinity":365,"b:738:101:738:112:738:116:738:118":246,"b:740:19:747:Infinity:undefined:undefined:undefined:undefined":247,"s:740:19:747:Infinity":366,"s:741:14:743:Infinity":367,"b:742:57:742:66:742:70:742:72":248,"s:744:14:746:Infinity":368,"b:745:57:745:68:745:72:745:74":249,"b:750:10:765:Infinity:undefined:undefined:undefined:undefined":250,"s:750:10:765:Infinity":369,"b:751:12:764:Infinity:754:19:764:Infinity":251,"s:751:12:764:Infinity":370,"b:751:16:751:37:751:41:751:64":252,"s:752:14:752:Infinity":371,"s:753:14:753:Infinity":372,"b:754:19:764:Infinity:757:19:764:Infinity":253,"s:754:19:764:Infinity":373,"s:755:14:755:Infinity":374,"s:756:14:756:Infinity":375,"s:758:14:760:Infinity":376,"s:761:14:763:Infinity":377,"s:768:8:768:Infinity":378,"b:771:8:771:Infinity:undefined:undefined:undefined:undefined":254,"s:771:8:771:Infinity":379,"s:771:36:771:Infinity":380,"s:773:24:773:70":381,"f:773:24:773:25":49,"s:773:31:773:70":382,"b:773:31:773:47:773:51:773:64:773:68:773:70":255,"b:775:8:801:Infinity:undefined:undefined:undefined:undefined":256,"s:775:8:801:Infinity":383,"b:776:10:787:Infinity:undefined:undefined:undefined:undefined":257,"s:776:10:787:Infinity":384,"b:776:14:776:23:776:27:776:39":258,"s:777:29:777:63":385,"b:778:12:778:Infinity:undefined:undefined:undefined:undefined":259,"s:778:12:778:Infinity":386,"s:778:27:778:Infinity":387,"s:780:26:780:355":388,"s:781:12:781:Infinity":389,"s:783:14:785:99":390,"b:784:18:784:Infinity:785:18:785:99":260,"b:783:14:783:35:783:39:783:Infinity":261,"s:786:12:786:Infinity":391,"b:788:10:799:Infinity:undefined:undefined:undefined:undefined":262,"s:788:10:799:Infinity":392,"b:788:14:788:25:788:29:788:39":263,"s:789:29:789:67":393,"b:790:12:790:Infinity:undefined:undefined:undefined:undefined":264,"s:790:12:790:Infinity":394,"s:790:27:790:Infinity":395,"s:793:14:795:101":396,"b:794:18:794:Infinity:795:18:795:101":265,"b:793:14:793:35:793:39:793:Infinity":266,"s:796:12:796:Infinity":397,"s:797:26:797:361":398,"s:798:12:798:Infinity":399,"s:800:10:800:Infinity":400,"s:803:21:803:28":401,"b:804:8:834:Infinity:undefined:undefined:undefined:undefined":267,"s:804:8:834:Infinity":402,"b:805:10:805:27:806:11:806:38:806:42:806:69":268,"s:808:26:808:55":403,"s:809:24:809:51":404,"b:809:34:809:44:809:47:809:51":269,"b:810:10:810:Infinity:undefined:undefined:undefined:undefined":270,"s:810:10:810:Infinity":405,"s:810:22:810:Infinity":406,"s:811:24:813:11":407,"f:812:12:812:13":50,"s:812:19:812:49":408,"s:814:26:816:11":409,"f:815:12:815:13":51,"s:815:19:815:49":410,"b:817:10:819:Infinity:undefined:undefined:undefined:undefined":271,"s:817:10:819:Infinity":411,"b:817:14:817:20:817:24:817:32":272,"s:818:12:818:Infinity":412,"s:820:29:820:59":413,"s:821:31:821:65":414,"b:822:10:822:Infinity:undefined:undefined:undefined:undefined":273,"s:822:10:822:Infinity":415,"b:822:14:822:25:822:29:822:42":274,"s:822:44:822:Infinity":416,"s:824:25:827:91":417,"f:824:25:824:26":52,"s:825:12:827:91":418,"b:826:16:826:Infinity:827:16:827:91":275,"b:825:12:825:33:825:37:825:Infinity":276,"s:828:24:829:323":419,"f:828:24:828:25":53,"s:829:12:829:323":420,"s:830:10:830:Infinity":421,"s:831:10:831:Infinity":422,"s:832:10:832:Infinity":423,"s:833:10:833:Infinity":424,"s:835:8:835:Infinity":425,"b:838:8:838:Infinity:undefined:undefined:undefined:undefined":277,"s:838:8:838:Infinity":426,"s:838:44:838:Infinity":427,"b:840:8:850:Infinity:undefined:undefined:undefined:undefined":278,"s:840:8:850:Infinity":428,"b:841:10:844:Infinity:undefined:undefined:undefined:undefined":279,"s:841:10:844:Infinity":429,"b:841:14:841:23:841:27:841:39":280,"s:842:12:842:Infinity":430,"s:843:12:843:Infinity":431,"b:845:10:848:Infinity:undefined:undefined:undefined:undefined":281,"s:845:10:848:Infinity":432,"b:845:14:845:25:845:29:845:39":282,"s:846:12:846:Infinity":433,"s:847:12:847:Infinity":434,"s:849:10:849:Infinity":435,"s:852:21:852:28":436,"b:853:8:856:Infinity:undefined:undefined:undefined:undefined":283,"s:853:8:856:Infinity":437,"s:854:10:854:Infinity":438,"s:855:10:855:Infinity":439,"b:857:8:864:Infinity:undefined:undefined:undefined:undefined":284,"s:857:8:864:Infinity":440,"s:858:10:860:Infinity":441,"b:859:66:859:75:859:79:859:81":285,"s:861:10:863:Infinity":442,"b:862:66:862:77:862:81:862:83":286,"b:865:8:908:Infinity:undefined:undefined:undefined:undefined":287,"s:865:8:908:Infinity":443,"s:866:28:866:56":444,"s:867:28:867:56":445,"s:869:28:869:42":446,"s:870:28:870:42":447,"b:872:10:872:Infinity:undefined:undefined:undefined:undefined":288,"s:872:10:872:Infinity":448,"s:872:26:872:Infinity":449,"b:874:10:879:Infinity:undefined:undefined:undefined:undefined":289,"s:874:10:879:Infinity":450,"b:874:14:874:23:874:27:874:39":290,"s:875:12:877:Infinity":451,"s:878:12:878:Infinity":452,"b:881:10:886:Infinity:undefined:undefined:undefined:undefined":291,"s:881:10:886:Infinity":453,"b:881:14:881:25:881:29:881:39":292,"s:882:12:882:Infinity":454,"s:883:12:885:Infinity":455,"s:888:28:888:35":456,"b:889:10:896:Infinity:undefined:undefined:undefined:undefined":293,"s:889:10:896:Infinity":457,"s:890:12:892:Infinity":458,"s:893:12:895:Infinity":459,"b:898:10:905:Infinity:undefined:undefined:undefined:undefined":294,"s:898:10:905:Infinity":460,"s:899:12:901:Infinity":461,"s:902:12:904:Infinity":462,"s:907:10:907:Infinity":463,"s:910:8:910:Infinity":464,"b:913:8:913:Infinity:undefined:undefined:undefined:undefined":295,"s:913:8:913:Infinity":465,"s:913:44:913:Infinity":466,"b:915:8:925:Infinity:undefined:undefined:undefined:undefined":296,"s:915:8:925:Infinity":467,"b:916:10:919:Infinity:undefined:undefined:undefined:undefined":297,"s:916:10:919:Infinity":468,"b:916:14:916:23:916:27:916:39":298,"s:917:12:917:Infinity":469,"s:918:12:918:Infinity":470,"b:920:10:923:Infinity:undefined:undefined:undefined:undefined":299,"s:920:10:923:Infinity":471,"b:920:14:920:25:920:29:920:39":300,"s:921:12:921:Infinity":472,"s:922:12:922:Infinity":473,"s:924:10:924:Infinity":474,"s:927:21:927:28":475,"b:928:8:931:Infinity:undefined:undefined:undefined:undefined":301,"s:928:8:931:Infinity":476,"s:929:10:929:Infinity":477,"s:930:10:930:Infinity":478,"b:932:8:939:Infinity:undefined:undefined:undefined:undefined":302,"s:932:8:939:Infinity":479,"s:933:23:934:77":480,"f:933:23:933:24":54,"s:934:12:934:77":481,"b:934:13:934:16:934:20:934:22":303,"f:934:28:934:29":55,"s:934:35:934:65":482,"s:935:10:935:Infinity":483,"s:936:10:936:Infinity":484,"s:937:10:937:Infinity":485,"s:938:10:938:Infinity":486,"s:940:8:940:Infinity":487,"s:943:8:943:Infinity":488,"s:947:2:947:Infinity":489},"fnNames":{}}}
}
